#
# There is insufficient memory for the Java Runtime Environment to continue.
# Native memory allocation (malloc) failed to allocate 3292592 bytes for Chunk::new
# Possible reasons:
#   The system is out of physical RAM or swap space
#   In 32 bit mode, the process size limit was hit
# Possible solutions:
#   Reduce memory load on the system
#   Increase physical memory or swap space
#   Check if swap backing store is full
#   Use 64 bit Java on a 64 bit OS
#   Decrease Java heap size (-Xmx/-Xms)
#   Decrease number of Java threads
#   Decrease Java thread stack sizes (-Xss)
#   Set larger code cache with -XX:ReservedCodeCacheSize=
# This output file may be truncated or incomplete.
#
#  Out of Memory Error (allocation.cpp:390), pid=8468, tid=0x0000000000004490
#
# JRE version: Java(TM) SE Runtime Environment (8.0_131-b11) (build 1.8.0_131-b11)
# Java VM: Java HotSpot(TM) 64-Bit Server VM (25.131-b11 mixed mode windows-amd64 compressed oops)
# Failed to write core dump. Minidumps are not enabled by default on client versions of Windows
#

---------------  T H R E A D  ---------------

Current thread (0x0000000014b68000):  JavaThread "C2 CompilerThread0" daemon [_thread_in_native, id=17552, stack(0x00000000167c0000,0x00000000168c0000)]

Stack: [0x00000000167c0000,0x00000000168c0000]
[error occurred during error reporting (printing stack bounds), id 0xc0000005]

Native frames: (J=compiled Java code, j=interpreted, Vv=VM code, C=native code)


Current CompileTask:
C2:  33970 3581       4       org.springframework.asm.ClassReader::readCode (3343 bytes)


---------------  P R O C E S S  ---------------

Java Threads: ( => current thread )
  0x00000000173d0000 JavaThread "container-0" [_thread_blocked, id=10700, stack(0x000000001bfb0000,0x000000001c0b0000)]
  0x000000001873f800 JavaThread "ContainerBackgroundProcessor[StandardEngine[Tomcat]]" daemon [_thread_blocked, id=11932, stack(0x000000001beb0000,0x000000001bfb0000)]
  0x0000000018714800 JavaThread "localhost-startStop-1" daemon [_thread_blocked, id=14664, stack(0x000000001bdb0000,0x000000001beb0000)]
  0x0000000017f69800 JavaThread "Tomcat-startStop-1" daemon [_thread_blocked, id=16816, stack(0x000000001a290000,0x000000001a390000)]
  0x0000000014b9e800 JavaThread "Service Thread" daemon [_thread_blocked, id=16804, stack(0x0000000016ec0000,0x0000000016fc0000)]
  0x0000000014b9b800 JavaThread "C1 CompilerThread2" daemon [_thread_blocked, id=11080, stack(0x0000000016dc0000,0x0000000016ec0000)]
  0x0000000014b9a800 JavaThread "C2 CompilerThread1" daemon [_thread_in_native, id=16356, stack(0x0000000016cc0000,0x0000000016dc0000)]
=>0x0000000014b68000 JavaThread "C2 CompilerThread0" daemon [_thread_in_native, id=17552, stack(0x00000000167c0000,0x00000000168c0000)]
  0x0000000014b5c000 JavaThread "JDWP Command Reader" daemon [_thread_in_native, id=8128, stack(0x00000000166c0000,0x00000000167c0000)]
  0x0000000014b5a800 JavaThread "JDWP Event Helper Thread" daemon [_thread_blocked, id=14728, stack(0x00000000165c0000,0x00000000166c0000)]
  0x0000000014b4d800 JavaThread "JDWP Transport Listener: dt_socket" daemon [_thread_blocked, id=16960, stack(0x00000000164c0000,0x00000000165c0000)]
  0x0000000014b40800 JavaThread "Attach Listener" daemon [_thread_blocked, id=8700, stack(0x0000000016080000,0x0000000016180000)]
  0x0000000014b3f000 JavaThread "Signal Dispatcher" daemon [_thread_blocked, id=3964, stack(0x0000000015f80000,0x0000000016080000)]
  0x0000000014b2f800 JavaThread "Finalizer" daemon [_thread_blocked, id=11808, stack(0x0000000015d90000,0x0000000015e90000)]
  0x0000000002533000 JavaThread "Reference Handler" daemon [_thread_blocked, id=15856, stack(0x0000000015c90000,0x0000000015d90000)]
  0x0000000002445000 JavaThread "main" [_thread_blocked, id=16716, stack(0x0000000002320000,0x0000000002420000)]

Other Threads:
  0x0000000014b08000 VMThread [stack: 0x0000000015b90000,0x0000000015c90000] [id=13432]
  0x0000000016922000 WatcherThread [stack: 0x0000000016fc0000,0x00000000170c0000] [id=15304]

VM state:not at safepoint (normal execution)

VM Mutex/Monitor currently owned by a thread: None

Heap:
 PSYoungGen      total 111104K, used 16317K [0x00000000eb200000, 0x00000000f5300000, 0x0000000100000000)
  eden space 102912K, 15% used [0x00000000eb200000,0x00000000ec1ef608,0x00000000f1680000)
  from space 8192K, 0% used [0x00000000f4b00000,0x00000000f4b00000,0x00000000f5300000)
  to   space 7680K, 0% used [0x00000000f1680000,0x00000000f1680000,0x00000000f1e00000)
 ParOldGen       total 38400K, used 20334K [0x00000000c1600000, 0x00000000c3b80000, 0x00000000eb200000)
  object space 38400K, 52% used [0x00000000c1600000,0x00000000c29dbaf0,0x00000000c3b80000)
 Metaspace       used 32459K, capacity 32736K, committed 32896K, reserved 1079296K
  class space    used 4133K, capacity 4224K, committed 4224K, reserved 1048576K

Card table byte_map: [0x0000000011900000,0x0000000011b00000] byte_map_base: 0x00000000112f5000

Marking Bits: (ParMarkBitMap*) 0x00000000763fc720
 Begin Bits: [0x0000000012050000, 0x0000000012ff8000)
 End Bits:   [0x0000000012ff8000, 0x0000000013fa0000)

Polling page: 0x0000000000920000

CodeCache: size=245760Kb used=13018Kb max_used=13061Kb free=232741Kb
 bounds [0x0000000002540000, 0x0000000003220000, 0x0000000011540000]
 total_blobs=3599 nmethods=3206 adapters=311
 compilation: enabled

Compilation events (10 events):
Event: 33.394 Thread 0x0000000014b9b800 3725   !   3       com.sun.proxy.$Proxy60::hashCode (32 bytes)
Event: 33.395 Thread 0x0000000014b9b800 nmethod 3725 0x0000000003193550 code [0x0000000003193700, 0x0000000003193c38]
Event: 33.406 Thread 0x0000000014b9b800 3726       3       java.util.concurrent.ConcurrentHashMap::remove (8 bytes)
Event: 33.406 Thread 0x0000000014b9b800 nmethod 3726 0x0000000003193110 code [0x0000000003193280, 0x00000000031934a8]
Event: 33.573 Thread 0x0000000014b9a800 nmethod 3686 0x00000000031cc1d0 code [0x00000000031cc5c0, 0x00000000031d1670]
Event: 33.574 Thread 0x0000000014b9a800 3616       4       java.util.TreeMap::put (247 bytes)
Event: 33.626 Thread 0x0000000014b9a800 nmethod 3616 0x00000000031c6890 code [0x00000000031c6a40, 0x00000000031c7aa8]
Event: 33.626 Thread 0x0000000014b9a800 3623       4       org.springframework.core.ResolvableType::forType (107 bytes)
Event: 33.855 Thread 0x0000000014b9b800 3728       1       sun.reflect.generics.tree.MethodTypeSignature::getFormalTypeParameters (5 bytes)
Event: 33.855 Thread 0x0000000014b9b800 nmethod 3728 0x0000000003192e50 code [0x0000000003192fa0, 0x00000000031930b0]

GC Heap History (10 events):
Event: 11.289 GC heap before
{Heap before GC invocations=8 (full 0):
 PSYoungGen      total 39424K, used 37157K [0x00000000eb200000, 0x00000000eff00000, 0x0000000100000000)
  eden space 32768K, 100% used [0x00000000eb200000,0x00000000ed200000,0x00000000ed200000)
  from space 6656K, 65% used [0x00000000ed200000,0x00000000ed649668,0x00000000ed880000)
  to   space 6656K, 0% used [0x00000000ef880000,0x00000000ef880000,0x00000000eff00000)
 ParOldGen       total 44032K, used 11324K [0x00000000c1600000, 0x00000000c4100000, 0x00000000eb200000)
  object space 44032K, 25% used [0x00000000c1600000,0x00000000c210f1d8,0x00000000c4100000)
 Metaspace       used 20020K, capacity 20324K, committed 20608K, reserved 1067008K
  class space    used 2460K, capacity 2565K, committed 2688K, reserved 1048576K
Event: 11.344 GC heap after
Heap after GC invocations=8 (full 0):
 PSYoungGen      total 72192K, used 5056K [0x00000000eb200000, 0x00000000eff00000, 0x0000000100000000)
  eden space 65536K, 0% used [0x00000000eb200000,0x00000000eb200000,0x00000000ef200000)
  from space 6656K, 75% used [0x00000000ef880000,0x00000000efd70010,0x00000000eff00000)
  to   space 6656K, 0% used [0x00000000ef200000,0x00000000ef200000,0x00000000ef880000)
 ParOldGen       total 44032K, used 12030K [0x00000000c1600000, 0x00000000c4100000, 0x00000000eb200000)
  object space 44032K, 27% used [0x00000000c1600000,0x00000000c21bfa88,0x00000000c4100000)
 Metaspace       used 20020K, capacity 20324K, committed 20608K, reserved 1067008K
  class space    used 2460K, capacity 2565K, committed 2688K, reserved 1048576K
}
Event: 14.805 GC heap before
{Heap before GC invocations=9 (full 0):
 PSYoungGen      total 72192K, used 58961K [0x00000000eb200000, 0x00000000eff00000, 0x0000000100000000)
  eden space 65536K, 82% used [0x00000000eb200000,0x00000000ee6a4590,0x00000000ef200000)
  from space 6656K, 75% used [0x00000000ef880000,0x00000000efd70010,0x00000000eff00000)
  to   space 6656K, 0% used [0x00000000ef200000,0x00000000ef200000,0x00000000ef880000)
 ParOldGen       total 44032K, used 12030K [0x00000000c1600000, 0x00000000c4100000, 0x00000000eb200000)
  object space 44032K, 27% used [0x00000000c1600000,0x00000000c21bfa88,0x00000000c4100000)
 Metaspace       used 20820K, capacity 21046K, committed 21248K, reserved 1067008K
  class space    used 2588K, capacity 2696K, committed 2816K, reserved 1048576K
Event: 14.871 GC heap after
Heap after GC invocations=9 (full 0):
 PSYoungGen      total 72192K, used 6642K [0x00000000eb200000, 0x00000000f2880000, 0x0000000100000000)
  eden space 65536K, 0% used [0x00000000eb200000,0x00000000eb200000,0x00000000ef200000)
  from space 6656K, 99% used [0x00000000ef200000,0x00000000ef87c8f0,0x00000000ef880000)
  to   space 8192K, 0% used [0x00000000f2080000,0x00000000f2080000,0x00000000f2880000)
 ParOldGen       total 44032K, used 13859K [0x00000000c1600000, 0x00000000c4100000, 0x00000000eb200000)
  object space 44032K, 31% used [0x00000000c1600000,0x00000000c2388eb0,0x00000000c4100000)
 Metaspace       used 20820K, capacity 21046K, committed 21248K, reserved 1067008K
  class space    used 2588K, capacity 2696K, committed 2816K, reserved 1048576K
}
Event: 14.871 GC heap before
{Heap before GC invocations=10 (full 1):
 PSYoungGen      total 72192K, used 6642K [0x00000000eb200000, 0x00000000f2880000, 0x0000000100000000)
  eden space 65536K, 0% used [0x00000000eb200000,0x00000000eb200000,0x00000000ef200000)
  from space 6656K, 99% used [0x00000000ef200000,0x00000000ef87c8f0,0x00000000ef880000)
  to   space 8192K, 0% used [0x00000000f2080000,0x00000000f2080000,0x00000000f2880000)
 ParOldGen       total 44032K, used 13859K [0x00000000c1600000, 0x00000000c4100000, 0x00000000eb200000)
  object space 44032K, 31% used [0x00000000c1600000,0x00000000c2388eb0,0x00000000c4100000)
 Metaspace       used 20820K, capacity 21046K, committed 21248K, reserved 1067008K
  class space    used 2588K, capacity 2696K, committed 2816K, reserved 1048576K
Event: 15.012 GC heap after
Heap after GC invocations=10 (full 1):
 PSYoungGen      total 72192K, used 0K [0x00000000eb200000, 0x00000000f2880000, 0x0000000100000000)
  eden space 65536K, 0% used [0x00000000eb200000,0x00000000eb200000,0x00000000ef200000)
  from space 6656K, 0% used [0x00000000ef200000,0x00000000ef200000,0x00000000ef880000)
  to   space 8192K, 0% used [0x00000000f2080000,0x00000000f2080000,0x00000000f2880000)
 ParOldGen       total 38400K, used 14482K [0x00000000c1600000, 0x00000000c3b80000, 0x00000000eb200000)
  object space 38400K, 37% used [0x00000000c1600000,0x00000000c24249a8,0x00000000c3b80000)
 Metaspace       used 20820K, capacity 21046K, committed 21248K, reserved 1067008K
  class space    used 2588K, capacity 2696K, committed 2816K, reserved 1048576K
}
Event: 20.249 GC heap before
{Heap before GC invocations=11 (full 1):
 PSYoungGen      total 72192K, used 65536K [0x00000000eb200000, 0x00000000f2880000, 0x0000000100000000)
  eden space 65536K, 100% used [0x00000000eb200000,0x00000000ef200000,0x00000000ef200000)
  from space 6656K, 0% used [0x00000000ef200000,0x00000000ef200000,0x00000000ef880000)
  to   space 8192K, 0% used [0x00000000f2080000,0x00000000f2080000,0x00000000f2880000)
 ParOldGen       total 38400K, used 14482K [0x00000000c1600000, 0x00000000c3b80000, 0x00000000eb200000)
  object space 38400K, 37% used [0x00000000c1600000,0x00000000c24249a8,0x00000000c3b80000)
 Metaspace       used 23607K, capacity 23930K, committed 24064K, reserved 1071104K
  class space    used 2958K, capacity 3054K, committed 3072K, reserved 1048576K
Event: 20.811 GC heap after
Heap after GC invocations=11 (full 1):
 PSYoungGen      total 104448K, used 4679K [0x00000000eb200000, 0x00000000f2580000, 0x0000000100000000)
  eden space 99328K, 0% used [0x00000000eb200000,0x00000000eb200000,0x00000000f1300000)
  from space 5120K, 91% used [0x00000000f2080000,0x00000000f2511cf0,0x00000000f2580000)
  to   space 7680K, 0% used [0x00000000f1680000,0x00000000f1680000,0x00000000f1e00000)
 ParOldGen       total 38400K, used 14482K [0x00000000c1600000, 0x00000000c3b80000, 0x00000000eb200000)
  object space 38400K, 37% used [0x00000000c1600000,0x00000000c24249a8,0x00000000c3b80000)
 Metaspace       used 23607K, capacity 23930K, committed 24064K, reserved 1071104K
  class space    used 2958K, capacity 3054K, committed 3072K, reserved 1048576K
}
Event: 27.273 GC heap before
{Heap before GC invocations=12 (full 1):
 PSYoungGen      total 104448K, used 103984K [0x00000000eb200000, 0x00000000f2580000, 0x0000000100000000)
  eden space 99328K, 99% used [0x00000000eb200000,0x00000000f12fa6f0,0x00000000f1300000)
  from space 5120K, 91% used [0x00000000f2080000,0x00000000f2511cf0,0x00000000f2580000)
  to   space 7680K, 0% used [0x00000000f1680000,0x00000000f1680000,0x00000000f1e00000)
 ParOldGen       total 38400K, used 14482K [0x00000000c1600000, 0x00000000c3b80000, 0x00000000eb200000)
  object space 38400K, 37% used [0x00000000c1600000,0x00000000c24249a8,0x00000000c3b80000)
 Metaspace       used 28337K, capacity 28616K, committed 29056K, reserved 1075200K
  class space    used 3548K, capacity 3643K, committed 3712K, reserved 1048576K
Event: 27.328 GC heap after
Heap after GC invocations=12 (full 1):
 PSYoungGen      total 110592K, used 6827K [0x00000000eb200000, 0x00000000f5300000, 0x0000000100000000)
  eden space 102912K, 0% used [0x00000000eb200000,0x00000000eb200000,0x00000000f1680000)
  from space 7680K, 88% used [0x00000000f1680000,0x00000000f1d2ac08,0x00000000f1e00000)
  to   space 8192K, 0% used [0x00000000f4b00000,0x00000000f4b00000,0x00000000f5300000)
 ParOldGen       total 38400K, used 16386K [0x00000000c1600000, 0x00000000c3b80000, 0x00000000eb200000)
  object space 38400K, 42% used [0x00000000c1600000,0x00000000c26009c8,0x00000000c3b80000)
 Metaspace       used 28337K, capacity 28616K, committed 29056K, reserved 1075200K
  class space    used 3548K, capacity 3643K, committed 3712K, reserved 1048576K
}

Deoptimization events (10 events):
Event: 33.849 Thread 0x0000000002445000 Uncommon trap: reason=range_check action=none pc=0x000000000275b09c method=sun.reflect.generics.parser.SignatureParser.current()C @ 34
Event: 33.849 Thread 0x0000000002445000 Uncommon trap: reason=range_check action=none pc=0x000000000275b09c method=sun.reflect.generics.parser.SignatureParser.current()C @ 34
Event: 33.849 Thread 0x0000000002445000 Uncommon trap: reason=range_check action=none pc=0x000000000275b09c method=sun.reflect.generics.parser.SignatureParser.current()C @ 34
Event: 33.851 Thread 0x0000000002445000 Uncommon trap: reason=unhandled action=none pc=0x00000000026689d4 method=java.net.URLClassLoader.findClass(Ljava/lang/String;)Ljava/lang/Class; @ 44
Event: 33.852 Thread 0x0000000002445000 Uncommon trap: reason=unhandled action=none pc=0x00000000026689d4 method=java.net.URLClassLoader.findClass(Ljava/lang/String;)Ljava/lang/Class; @ 44
Event: 33.852 Thread 0x0000000002445000 Uncommon trap: reason=unhandled action=none pc=0x00000000026689d4 method=java.net.URLClassLoader.findClass(Ljava/lang/String;)Ljava/lang/Class; @ 44
Event: 33.852 Thread 0x0000000002445000 Uncommon trap: reason=unhandled action=none pc=0x00000000026689d4 method=java.net.URLClassLoader.findClass(Ljava/lang/String;)Ljava/lang/Class; @ 44
Event: 33.855 Thread 0x0000000002445000 Uncommon trap: reason=range_check action=none pc=0x000000000275b09c method=sun.reflect.generics.parser.SignatureParser.current()C @ 34
Event: 33.855 Thread 0x0000000002445000 Uncommon trap: reason=range_check action=none pc=0x000000000275b09c method=sun.reflect.generics.parser.SignatureParser.current()C @ 34
Event: 33.856 Thread 0x0000000002445000 Uncommon trap: reason=range_check action=none pc=0x000000000275b09c method=sun.reflect.generics.parser.SignatureParser.current()C @ 34

Internal exceptions (10 events):
Event: 33.844 Thread 0x0000000002445000 Exception <a 'java/lang/ArrayIndexOutOfBoundsException': 55> (0x00000000f0272160) thrown at [C:\re\workspace\8-2-build-windows-amd64-cygwin\jdk8u131\8869\hotspot\src\share\vm\interpreter\interpreterRuntime.cpp, line 366]
Event: 33.844 Thread 0x0000000002445000 Exception <a 'java/lang/ArrayIndexOutOfBoundsException': 62> (0x00000000f0273e78) thrown at [C:\re\workspace\8-2-build-windows-amd64-cygwin\jdk8u131\8869\hotspot\src\share\vm\interpreter\interpreterRuntime.cpp, line 366]
Event: 33.849 Thread 0x0000000002445000 Exception <a 'java/lang/ClassNotFoundException': org/springframework/orm/jpa/vendor/HibernateJpaVendorAdapterCustomizer> (0x00000000f0290d48) thrown at [C:\re\workspace\8-2-build-windows-amd64-cygwin\jdk8u131\8869\hotspot\src\share\vm\classfile\systemDict
Event: 33.849 Thread 0x0000000002445000 Exception <a 'java/lang/ArrayIndexOutOfBoundsException': 55> (0x00000000f0293578) thrown at [C:\re\workspace\8-2-build-windows-amd64-cygwin\jdk8u131\8869\hotspot\src\share\vm\interpreter\interpreterRuntime.cpp, line 366]
Event: 33.849 Thread 0x0000000002445000 Exception <a 'java/lang/ArrayIndexOutOfBoundsException': 55> (0x00000000f0295ed8) thrown at [C:\re\workspace\8-2-build-windows-amd64-cygwin\jdk8u131\8869\hotspot\src\share\vm\interpreter\interpreterRuntime.cpp, line 366]
Event: 33.850 Thread 0x0000000002445000 Exception <a 'java/lang/ArrayIndexOutOfBoundsException': 62> (0x00000000f0298718) thrown at [C:\re\workspace\8-2-build-windows-amd64-cygwin\jdk8u131\8869\hotspot\src\share\vm\interpreter\interpreterRuntime.cpp, line 366]
Event: 33.855 Thread 0x0000000002445000 Exception <a 'java/lang/ClassNotFoundException': org/springframework/orm/jpa/JpaVendorAdapterCustomizer> (0x00000000f02c44b8) thrown at [C:\re\workspace\8-2-build-windows-amd64-cygwin\jdk8u131\8869\hotspot\src\share\vm\classfile\systemDictionary.cpp, line
Event: 33.855 Thread 0x0000000002445000 Exception <a 'java/lang/ArrayIndexOutOfBoundsException': 38> (0x00000000f02c5810) thrown at [C:\re\workspace\8-2-build-windows-amd64-cygwin\jdk8u131\8869\hotspot\src\share\vm\interpreter\interpreterRuntime.cpp, line 366]
Event: 33.856 Thread 0x0000000002445000 Exception <a 'java/lang/ArrayIndexOutOfBoundsException': 55> (0x00000000f02c8048) thrown at [C:\re\workspace\8-2-build-windows-amd64-cygwin\jdk8u131\8869\hotspot\src\share\vm\interpreter\interpreterRuntime.cpp, line 366]
Event: 33.856 Thread 0x0000000002445000 Exception <a 'java/lang/ArrayIndexOutOfBoundsException': 62> (0x00000000f02c9b18) thrown at [C:\re\workspace\8-2-build-windows-amd64-cygwin\jdk8u131\8869\hotspot\src\share\vm\interpreter\interpreterRuntime.cpp, line 366]

Events (10 events):
Event: 33.855 Thread 0x0000000002445000 Uncommon trap: trap_request=0xffffffe7 fr.pc=0x000000000275b09c
Event: 33.856 Thread 0x0000000002445000 DEOPT PACKING pc=0x000000000275b09c sp=0x000000000241ceb0
Event: 33.856 Thread 0x0000000002445000 DEOPT UNPACKING pc=0x000000000258582a sp=0x000000000241ce48 mode 2
Event: 33.856 Thread 0x0000000002445000 Uncommon trap: trap_request=0xffffffe7 fr.pc=0x000000000275b09c
Event: 33.856 Thread 0x0000000002445000 DEOPT PACKING pc=0x000000000275b09c sp=0x000000000241ceb0
Event: 33.856 Thread 0x0000000002445000 DEOPT UNPACKING pc=0x000000000258582a sp=0x000000000241ce48 mode 2
Event: 33.856 Thread 0x0000000002445000 DEOPT PACKING pc=0x0000000002f4989c sp=0x000000000241d4b0
Event: 33.856 Thread 0x0000000002445000 DEOPT UNPACKING pc=0x000000000258787f sp=0x000000000241d250 mode 1
Event: 33.856 Thread 0x0000000002445000 DEOPT PACKING pc=0x00000000030d4d9c sp=0x000000000241d580
Event: 33.857 Thread 0x0000000002445000 DEOPT UNPACKING pc=0x000000000258787f sp=0x000000000241d3a0 mode 1


Dynamic libraries:
0x00007ff792c60000 - 0x00007ff792c97000 	C:\Program Files\Java\jre1.8.0_131\bin\javaw.exe
0x00007ff95e990000 - 0x00007ff95eb6b000 	C:\WINDOWS\SYSTEM32\ntdll.dll
0x00007ff94a020000 - 0x00007ff94a054000 	D:\Program Files\AVAST Software\Avast\x64\aswhooka.dll
0x00007ff95e230000 - 0x00007ff95e2de000 	C:\WINDOWS\System32\KERNEL32.DLL
0x00007ff95aeb0000 - 0x00007ff95b0f9000 	C:\WINDOWS\System32\KERNELBASE.dll
0x00007ff95e790000 - 0x00007ff95e831000 	C:\WINDOWS\System32\ADVAPI32.dll
0x00007ff95c770000 - 0x00007ff95c80d000 	C:\WINDOWS\System32\msvcrt.dll
0x00007ff95e870000 - 0x00007ff95e8c9000 	C:\WINDOWS\System32\sechost.dll
0x00007ff95c0e0000 - 0x00007ff95c205000 	C:\WINDOWS\System32\RPCRT4.dll
0x00007ff95c320000 - 0x00007ff95c46a000 	C:\WINDOWS\System32\USER32.dll
0x00007ff95b200000 - 0x00007ff95b21e000 	C:\WINDOWS\System32\win32u.dll
0x00007ff95e840000 - 0x00007ff95e867000 	C:\WINDOWS\System32\GDI32.dll
0x00007ff95b2c0000 - 0x00007ff95b447000 	C:\WINDOWS\System32\gdi32full.dll
0x00007ff95b220000 - 0x00007ff95b2ba000 	C:\WINDOWS\System32\msvcp_win.dll
0x00007ff95b100000 - 0x00007ff95b1f6000 	C:\WINDOWS\System32\ucrtbase.dll
0x00007ff94f740000 - 0x00007ff94f9a7000 	C:\WINDOWS\WinSxS\amd64_microsoft.windows.common-controls_6595b64144ccf1df_6.0.15063.483_none_26002d27e7c744a2\COMCTL32.dll
0x00007ff95c470000 - 0x00007ff95c769000 	C:\WINDOWS\System32\combase.dll
0x00007ff95bcb0000 - 0x00007ff95bd1a000 	C:\WINDOWS\System32\bcryptPrimitives.dll
0x00007ff95cbb0000 - 0x00007ff95cbdd000 	C:\WINDOWS\System32\IMM32.DLL
0x0000000075890000 - 0x0000000075962000 	C:\Program Files\Java\jre1.8.0_131\bin\msvcr100.dll
0x0000000075be0000 - 0x000000007647c000 	C:\Program Files\Java\jre1.8.0_131\bin\server\jvm.dll
0x00007ff95e2e0000 - 0x00007ff95e2e8000 	C:\WINDOWS\System32\PSAPI.DLL
0x00007ff94a240000 - 0x00007ff94a249000 	C:\WINDOWS\SYSTEM32\WSOCK32.dll
0x00007ff95cbe0000 - 0x00007ff95cc4c000 	C:\WINDOWS\System32\WS2_32.dll
0x00007ff957c60000 - 0x00007ff957c83000 	C:\WINDOWS\SYSTEM32\WINMM.dll
0x00007ff952410000 - 0x00007ff95241a000 	C:\WINDOWS\SYSTEM32\VERSION.dll
0x00007ff957c30000 - 0x00007ff957c5b000 	C:\WINDOWS\SYSTEM32\WINMMBASE.dll
0x00007ff95b560000 - 0x00007ff95b5a9000 	C:\WINDOWS\System32\cfgmgr32.dll
0x0000000076620000 - 0x000000007662f000 	C:\Program Files\Java\jre1.8.0_131\bin\verify.dll
0x00000000765f0000 - 0x0000000076619000 	C:\Program Files\Java\jre1.8.0_131\bin\java.dll
0x0000000076510000 - 0x0000000076545000 	C:\Program Files\Java\jre1.8.0_131\bin\jdwp.dll
0x0000000075b50000 - 0x0000000075b58000 	C:\Program Files\Java\jre1.8.0_131\bin\npt.dll
0x00000000765d0000 - 0x00000000765e6000 	C:\Program Files\Java\jre1.8.0_131\bin\zip.dll
0x00007ff95cdf0000 - 0x00007ff95e227000 	C:\WINDOWS\System32\SHELL32.dll
0x00007ff95c810000 - 0x00007ff95c8ba000 	C:\WINDOWS\System32\shcore.dll
0x00007ff95b5b0000 - 0x00007ff95bca1000 	C:\WINDOWS\System32\windows.storage.dll
0x00007ff95c2b0000 - 0x00007ff95c301000 	C:\WINDOWS\System32\shlwapi.dll
0x00007ff95ae20000 - 0x00007ff95ae31000 	C:\WINDOWS\System32\kernel.appcore.dll
0x00007ff95ae60000 - 0x00007ff95aeac000 	C:\WINDOWS\System32\powrprof.dll
0x00007ff95ae40000 - 0x00007ff95ae55000 	C:\WINDOWS\System32\profapi.dll
0x0000000075b40000 - 0x0000000075b49000 	C:\Program Files\Java\jre1.8.0_131\bin\dt_socket.dll
0x00007ff946c70000 - 0x00007ff946c86000 	C:\WINDOWS\system32\napinsp.dll
0x00007ff946c50000 - 0x00007ff946c6a000 	C:\WINDOWS\system32\pnrpnsp.dll
0x00007ff9580c0000 - 0x00007ff9580d8000 	C:\WINDOWS\system32\NLAapi.dll
0x00007ff95a710000 - 0x00007ff95a76c000 	C:\WINDOWS\System32\mswsock.dll
0x00007ff95a4f0000 - 0x00007ff95a594000 	C:\WINDOWS\SYSTEM32\DNSAPI.dll
0x00007ff95c310000 - 0x00007ff95c318000 	C:\WINDOWS\System32\NSI.dll
0x00007ff95a4b0000 - 0x00007ff95a4e7000 	C:\WINDOWS\SYSTEM32\IPHLPAPI.DLL
0x00007ff94a220000 - 0x00007ff94a22e000 	C:\WINDOWS\System32\winrnr.dll
0x00007ff946c30000 - 0x00007ff946c45000 	C:\WINDOWS\System32\wshbth.dll
0x00007ff94e940000 - 0x00007ff94e9ab000 	C:\WINDOWS\System32\fwpuclnt.dll
0x00007ff95a9c0000 - 0x00007ff95a9e5000 	C:\WINDOWS\SYSTEM32\bcrypt.dll
0x00007ff94c050000 - 0x00007ff94c05a000 	C:\Windows\System32\rasadhlp.dll
0x0000000075b30000 - 0x0000000075b3d000 	C:\Program Files\Java\jre1.8.0_131\bin\management.dll
0x00000000765b0000 - 0x00000000765ca000 	C:\Program Files\Java\jre1.8.0_131\bin\net.dll
0x0000000076590000 - 0x00000000765a1000 	C:\Program Files\Java\jre1.8.0_131\bin\nio.dll
0x00007ff95a8b0000 - 0x00007ff95a8c7000 	C:\WINDOWS\SYSTEM32\CRYPTSP.dll
0x00007ff95a330000 - 0x00007ff95a364000 	C:\WINDOWS\system32\rsaenh.dll
0x00007ff95ad30000 - 0x00007ff95ad59000 	C:\WINDOWS\SYSTEM32\USERENV.dll
0x00007ff95a8d0000 - 0x00007ff95a8db000 	C:\WINDOWS\SYSTEM32\CRYPTBASE.dll
0x00007ff952da0000 - 0x00007ff952db6000 	C:\WINDOWS\SYSTEM32\dhcpcsvc6.DLL
0x00007ff952d80000 - 0x00007ff952d9a000 	C:\WINDOWS\SYSTEM32\dhcpcsvc.DLL

VM Arguments:
jvm_args: -agentlib:jdwp=transport=dt_socket,suspend=y,address=localhost:56549 -Dfile.encoding=Cp1252 
java_command: rs.ac.uns.ftn.informatika.jpa.JpaExampleApplication
java_class_path (initial): C:\Users\jerem\git\isa\bioskopi\target\classes;C:\Users\jerem\.m2\repository\org\springframework\boot\spring-boot-starter-data-jpa\1.4.1.RELEASE\spring-boot-starter-data-jpa-1.4.1.RELEASE.jar;C:\Users\jerem\.m2\repository\org\springframework\boot\spring-boot-starter\1.4.1.RELEASE\spring-boot-starter-1.4.1.RELEASE.jar;C:\Users\jerem\.m2\repository\org\springframework\boot\spring-boot\1.4.1.RELEASE\spring-boot-1.4.1.RELEASE.jar;C:\Users\jerem\.m2\repository\org\springframework\boot\spring-boot-autoconfigure\1.4.1.RELEASE\spring-boot-autoconfigure-1.4.1.RELEASE.jar;C:\Users\jerem\.m2\repository\org\springframework\boot\spring-boot-starter-logging\1.4.1.RELEASE\spring-boot-starter-logging-1.4.1.RELEASE.jar;C:\Users\jerem\.m2\repository\ch\qos\logback\logback-classic\1.1.7\logback-classic-1.1.7.jar;C:\Users\jerem\.m2\repository\ch\qos\logback\logback-core\1.1.7\logback-core-1.1.7.jar;C:\Users\jerem\.m2\repository\org\slf4j\jul-to-slf4j\1.7.21\jul-to-slf4j-1.7.21.jar;C:\Users\jerem\.m2\repository\org\slf4j\log4j-over-slf4j\1.7.21\log4j-over-slf4j-1.7.21.jar;C:\Users\jerem\.m2\repository\org\yaml\snakeyaml\1.17\snakeyaml-1.17.jar;C:\Users\jerem\.m2\repository\org\springframework\boot\spring-boot-starter-aop\1.4.1.RELEASE\spring-boot-starter-aop-1.4.1.RELEASE.jar;C:\Users\jerem\.m2\repository\org\aspectj\aspectjweaver\1.8.9\aspectjweaver-1.8.9.jar;C:\Users\jerem\.m2\repository\org\springframework\boot\spring-boot-starter-jdbc\1.4.1.RELEASE\spring-boot-starter-jdbc-1.4.1.RELEASE.jar;C:\Users\jerem\.m2\repository\org\apache\tomcat\tomcat-jdbc\8.5.5\tomcat-jdbc-8.5.5.jar;C:\Users\jerem\.m2\repository\org\apache\tomcat\tomcat-juli\8.5.5\tomcat-juli-8.5.5.jar;C:\Users\jerem\.m2\repository\org\springframework\spring-jdbc\4.3.3.RELEASE\spring-jdbc-4.3.3.RELEASE.jar;C:\Users\jerem\.m2\repository\org\hibernate\hibernate-core\5.0.11.Final\hibernate-core-5.0.11.Final.jar;C:\Users\jerem\.m2\repository\org\jboss\logging\jboss-logging\3.3.0.Final\jboss-loggin
Launcher Type: SUN_STANDARD

Environment Variables:
JAVA_HOME=C:\Program Files\Java\jdk1.8.0_111
JRE_HOME=C:\Program Files\Java\jre1.8.0_131
CLASSPATH=C:\Program Files\Java\Microsoft JDBC Driver 6.2 for SQL Server\sqljdbc_6.2\enu\mssql-jdbc-6.2.2.jre8
PATH=C:/Program Files/Java/jre1.8.0_131/bin/server;C:/Program Files/Java/jre1.8.0_131/bin;C:/Program Files/Java/jre1.8.0_131/lib/amd64;D:\OracleDatabaseXE\app\oracle\product\11.2.0\server\bin;C:\ProgramData\Oracle\Java\javapath;C:\Program Files (x86)\Intel\iCLS Client\;C:\Program Files\Intel\iCLS Client\;C:\Windows\system32;C:\Windows;C:\Windows\System32\Wbem;C:\Windows\System32\WindowsPowerShell\v1.0\;C:\Program Files\Microsoft SQL Server\120\Tools\Binn\;C:\Program Files\Microsoft SQL Server\130\Tools\Binn\;C:\Program Files (x86)\Windows Kits\10\Windows Performance Toolkit\;C:\Users\jerem\.dnx\bin;C:\Program Files\Microsoft DNX\Dnvm\;C:\Program Files (x86)\GtkSharp\2.12\bin;C:\Program Files\Intel\Intel(R) Management Engine Components\DAL;C:\Program Files\Intel\Intel(R) Management Engine Components\IPT;C:\Program Files (x86)\Intel\Intel(R) Management Engine Components\DAL;C:\Program Files (x86)\Intel\Intel(R) Management Engine Components\IPT;D:\Program Files\Lua\5.1;D:\Program Files\Lua\5.1\clibs;C:\Program Files\Git\cmd;C:\WINDOWS\system32;C:\WINDOWS;C:\WINDOWS\System32\Wbem;C:\WINDOWS\System32\WindowsPowerShell\v1.0\;C:\Program Files\MySQL\MySQL Utilities 1.6\;C:\Users\jerem\AppData\Local\Programs\Python\Python37\Scripts\;C:\Users\jerem\AppData\Local\Programs\Python\Python37\;C:\MinGW\bin;C:\MinGW\msys\1.0\bin;C:\MinGW\msys\1.0\;D:\Program Files\Microsoft VS Code\bin;C:\Users\jerem\AppData\Local\Microsoft\WindowsApps;D:\Program Files\setupi\downloads\apache-maven-3.5.2-bin\apache-maven-3.5.2\bin;;D:\Program Files\setupi\downloads\eclipse-jee-mars-2-win32-x86_64\eclipse;
USERNAME=jerem
OS=Windows_NT
PROCESSOR_IDENTIFIER=Intel64 Family 6 Model 69 Stepping 1, GenuineIntel



---------------  S Y S T E M  ---------------

OS: Windows 10.0 , 64 bit Build 15063 (10.0.15063.1029)

CPU:total 4 (initial active 4) (2 cores per cpu, 2 threads per core) family 6 model 69 stepping 1, cmov, cx8, fxsr, mmx, sse, sse2, sse3, ssse3, sse4.1, sse4.2, popcnt, avx, avx2, aes, clmul, erms, lzcnt, ht, tsc, tscinvbit, bmi1, bmi2

Memory: 4k page, physical 4099864k(538976k free), swap 9760760k(760k free)

vm_info: Java HotSpot(TM) 64-Bit Server VM (25.131-b11) for windows-amd64 JRE (1.8.0_131-b11), built on Mar 15 2017 01:23:53 by "java_re" with MS VC++ 10.0 (VS2010)

time: Wed Apr 18 19:50:46 2018
elapsed time: 41 seconds (0d 0h 0m 41s)

