#
# There is insufficient memory for the Java Runtime Environment to continue.
# Native memory allocation (malloc) failed to allocate 65552 bytes for Chunk::new
# Possible reasons:
#   The system is out of physical RAM or swap space
#   In 32 bit mode, the process size limit was hit
# Possible solutions:
#   Reduce memory load on the system
#   Increase physical memory or swap space
#   Check if swap backing store is full
#   Use 64 bit Java on a 64 bit OS
#   Decrease Java heap size (-Xmx/-Xms)
#   Decrease number of Java threads
#   Decrease Java thread stack sizes (-Xss)
#   Set larger code cache with -XX:ReservedCodeCacheSize=
# This output file may be truncated or incomplete.
#
#  Out of Memory Error (allocation.cpp:390), pid=11060, tid=0x0000000000001844
#
# JRE version: Java(TM) SE Runtime Environment (8.0_131-b11) (build 1.8.0_131-b11)
# Java VM: Java HotSpot(TM) 64-Bit Server VM (25.131-b11 mixed mode windows-amd64 compressed oops)
# Failed to write core dump. Minidumps are not enabled by default on client versions of Windows
#

---------------  T H R E A D  ---------------

Current thread (0x000000001528d800):  JavaThread "C2 CompilerThread1" daemon [_thread_in_native, id=6212, stack(0x00000000173c0000,0x00000000174c0000)]

Stack: [0x00000000173c0000,0x00000000174c0000]
[error occurred during error reporting (printing stack bounds), id 0xc0000005]

Native frames: (J=compiled Java code, j=interpreted, Vv=VM code, C=native code)


Current CompileTask:
C2:  32873 3591       4       org.springframework.core.ResolvableType::as (81 bytes)


---------------  P R O C E S S  ---------------

Java Threads: ( => current thread )
  0x00000000184b4800 JavaThread "container-0" [_thread_blocked, id=5252, stack(0x0000000020f90000,0x0000000021090000)]
  0x00000000184b3000 JavaThread "ContainerBackgroundProcessor[StandardEngine[Tomcat]]" daemon [_thread_blocked, id=6176, stack(0x0000000020e90000,0x0000000020f90000)]
  0x0000000019f75000 JavaThread "localhost-startStop-1" daemon [_thread_blocked, id=10472, stack(0x000000001bf40000,0x000000001c040000)]
  0x000000001bb90000 JavaThread "Tomcat-startStop-1" daemon [_thread_blocked, id=13608, stack(0x00000000197c0000,0x00000000198c0000)]
  0x0000000016ff9000 JavaThread "Service Thread" daemon [_thread_blocked, id=12040, stack(0x00000000175c0000,0x00000000176c0000)]
  0x000000001528e000 JavaThread "C1 CompilerThread2" daemon [_thread_blocked, id=15388, stack(0x00000000174c0000,0x00000000175c0000)]
=>0x000000001528d800 JavaThread "C2 CompilerThread1" daemon [_thread_in_native, id=6212, stack(0x00000000173c0000,0x00000000174c0000)]
  0x0000000015266800 JavaThread "C2 CompilerThread0" daemon [_thread_in_native, id=16320, stack(0x0000000016ec0000,0x0000000016fc0000)]
  0x0000000015259000 JavaThread "JDWP Command Reader" daemon [_thread_in_native, id=1568, stack(0x0000000016dc0000,0x0000000016ec0000)]
  0x000000001524e000 JavaThread "JDWP Event Helper Thread" daemon [_thread_blocked, id=12332, stack(0x0000000016cc0000,0x0000000016dc0000)]
  0x0000000015249800 JavaThread "JDWP Transport Listener: dt_socket" daemon [_thread_blocked, id=16372, stack(0x0000000016bc0000,0x0000000016cc0000)]
  0x0000000015234000 JavaThread "Attach Listener" daemon [_thread_blocked, id=17204, stack(0x0000000016780000,0x0000000016880000)]
  0x0000000015233000 JavaThread "Signal Dispatcher" daemon [_thread_blocked, id=17060, stack(0x0000000016680000,0x0000000016780000)]
  0x000000001521a000 JavaThread "Finalizer" daemon [_thread_blocked, id=860, stack(0x0000000016490000,0x0000000016590000)]
  0x0000000002c23000 JavaThread "Reference Handler" daemon [_thread_blocked, id=16396, stack(0x0000000016390000,0x0000000016490000)]
  0x0000000002b35000 JavaThread "main" [_thread_blocked, id=15428, stack(0x00000000029f0000,0x0000000002af0000)]

Other Threads:
  0x00000000151f8000 VMThread [stack: 0x0000000016290000,0x0000000016390000] [id=13408]
  0x000000001700e800 WatcherThread [stack: 0x00000000176c0000,0x00000000177c0000] [id=17348]

VM state:synchronizing (normal execution)

VM Mutex/Monitor currently owned by a thread:  ([mutex/lock_event])
[0x0000000002b31dd0] Threads_lock - owner thread: 0x00000000151f8000

Heap:
 PSYoungGen      total 140800K, used 133138K [0x00000000eb200000, 0x00000000f7900000, 0x0000000100000000)
  eden space 131072K, 95% used [0x00000000eb200000,0x00000000f2bd3170,0x00000000f3200000)
  from space 9728K, 86% used [0x00000000f3200000,0x00000000f3a31870,0x00000000f3b80000)
  to   space 10240K, 0% used [0x00000000f6f00000,0x00000000f6f00000,0x00000000f7900000)
 ParOldGen       total 39424K, used 13104K [0x00000000c1600000, 0x00000000c3c80000, 0x00000000eb200000)
  object space 39424K, 33% used [0x00000000c1600000,0x00000000c22cc088,0x00000000c3c80000)
 Metaspace       used 29955K, capacity 30266K, committed 30592K, reserved 1075200K
  class space    used 3754K, capacity 3871K, committed 3968K, reserved 1048576K

Card table byte_map: [0x0000000011ff0000,0x00000000121f0000] byte_map_base: 0x00000000119e5000

Marking Bits: (ParMarkBitMap*) 0x00000000763fc720
 Begin Bits: [0x0000000012740000, 0x00000000136e8000)
 End Bits:   [0x00000000136e8000, 0x0000000014690000)

Polling page: 0x0000000001010000

CodeCache: size=245760Kb used=12824Kb max_used=12824Kb free=232935Kb
 bounds [0x0000000002c30000, 0x00000000038d0000, 0x0000000011c30000]
 total_blobs=3526 nmethods=3137 adapters=309
 compilation: enabled

Compilation events (10 events):
Event: 32.795 Thread 0x000000001528e000 nmethod 3603 0x0000000002e39050 code [0x0000000002e391e0, 0x0000000002e39768]
Event: 32.795 Thread 0x000000001528e000 3605       3       org.hibernate.validator.internal.metadata.raw.AbstractConstrainedElement::isConstrained (25 bytes)
Event: 32.796 Thread 0x000000001528e000 nmethod 3605 0x0000000002e1ef50 code [0x0000000002e1f0c0, 0x0000000002e1f388]
Event: 32.796 Thread 0x000000001528e000 3604       3       org.hibernate.validator.internal.metadata.provider.AnnotationMetaDataProvider::convertToMetaConstraints (82 bytes)
Event: 32.799 Thread 0x000000001528e000 nmethod 3604 0x0000000003535790 code [0x0000000003535ae0, 0x0000000003537498]
Event: 32.800 Thread 0x000000001528e000 3606       3       org.hibernate.validator.internal.metadata.raw.ConstrainedExecutable::isConstrained (20 bytes)
Event: 32.800 Thread 0x000000001528e000 nmethod 3606 0x00000000030dc310 code [0x00000000030dc480, 0x00000000030dc848]
Event: 32.800 Thread 0x000000001528e000 3608       3       org.hibernate.validator.internal.util.CollectionHelper::newHashMap (9 bytes)
Event: 32.801 Thread 0x000000001528e000 nmethod 3608 0x0000000003535110 code [0x0000000003535280, 0x0000000003535608]
Event: 32.801 Thread 0x000000001528e000 3607       3       org.hibernate.validator.internal.metadata.raw.ConfigurationSource::max (17 bytes)

GC Heap History (10 events):
Event: 10.069 GC heap before
{Heap before GC invocations=6 (full 0):
 PSYoungGen      total 35328K, used 35312K [0x00000000eb200000, 0x00000000f0200000, 0x0000000100000000)
  eden space 32768K, 100% used [0x00000000eb200000,0x00000000ed200000,0x00000000ed200000)
  from space 2560K, 99% used [0x00000000ed200000,0x00000000ed47c030,0x00000000ed480000)
  to   space 8192K, 0% used [0x00000000efa00000,0x00000000efa00000,0x00000000f0200000)
 ParOldGen       total 44032K, used 11997K [0x00000000c1600000, 0x00000000c4100000, 0x00000000eb200000)
  object space 44032K, 27% used [0x00000000c1600000,0x00000000c21b7780,0x00000000c4100000)
 Metaspace       used 19222K, capacity 19474K, committed 19712K, reserved 1067008K
  class space    used 2353K, capacity 2434K, committed 2560K, reserved 1048576K
Event: 10.098 GC heap after
Heap after GC invocations=6 (full 0):
 PSYoungGen      total 72704K, used 4565K [0x00000000eb200000, 0x00000000f0100000, 0x0000000100000000)
  eden space 65536K, 0% used [0x00000000eb200000,0x00000000eb200000,0x00000000ef200000)
  from space 7168K, 63% used [0x00000000efa00000,0x00000000efe75698,0x00000000f0100000)
  to   space 7680K, 0% used [0x00000000ef200000,0x00000000ef200000,0x00000000ef980000)
 ParOldGen       total 44032K, used 11997K [0x00000000c1600000, 0x00000000c4100000, 0x00000000eb200000)
  object space 44032K, 27% used [0x00000000c1600000,0x00000000c21b7780,0x00000000c4100000)
 Metaspace       used 19222K, capacity 19474K, committed 19712K, reserved 1067008K
  class space    used 2353K, capacity 2434K, committed 2560K, reserved 1048576K
}
Event: 14.073 GC heap before
{Heap before GC invocations=7 (full 0):
 PSYoungGen      total 72704K, used 70101K [0x00000000eb200000, 0x00000000f0100000, 0x0000000100000000)
  eden space 65536K, 100% used [0x00000000eb200000,0x00000000ef200000,0x00000000ef200000)
  from space 7168K, 63% used [0x00000000efa00000,0x00000000efe75698,0x00000000f0100000)
  to   space 7680K, 0% used [0x00000000ef200000,0x00000000ef200000,0x00000000ef980000)
 ParOldGen       total 44032K, used 11997K [0x00000000c1600000, 0x00000000c4100000, 0x00000000eb200000)
  object space 44032K, 27% used [0x00000000c1600000,0x00000000c21b7780,0x00000000c4100000)
 Metaspace       used 20161K, capacity 20388K, committed 20608K, reserved 1067008K
  class space    used 2484K, capacity 2565K, committed 2688K, reserved 1048576K
Event: 14.143 GC heap after
Heap after GC invocations=7 (full 0):
 PSYoungGen      total 73216K, used 7668K [0x00000000eb200000, 0x00000000f4500000, 0x0000000100000000)
  eden space 65536K, 0% used [0x00000000eb200000,0x00000000eb200000,0x00000000ef200000)
  from space 7680K, 99% used [0x00000000ef200000,0x00000000ef97d2a8,0x00000000ef980000)
  to   space 9728K, 0% used [0x00000000f3b80000,0x00000000f3b80000,0x00000000f4500000)
 ParOldGen       total 44032K, used 14277K [0x00000000c1600000, 0x00000000c4100000, 0x00000000eb200000)
  object space 44032K, 32% used [0x00000000c1600000,0x00000000c23f16f8,0x00000000c4100000)
 Metaspace       used 20161K, capacity 20388K, committed 20608K, reserved 1067008K
  class space    used 2484K, capacity 2565K, committed 2688K, reserved 1048576K
}
Event: 15.142 GC heap before
{Heap before GC invocations=8 (full 0):
 PSYoungGen      total 73216K, used 28496K [0x00000000eb200000, 0x00000000f4500000, 0x0000000100000000)
  eden space 65536K, 31% used [0x00000000eb200000,0x00000000ec656ee0,0x00000000ef200000)
  from space 7680K, 99% used [0x00000000ef200000,0x00000000ef97d2a8,0x00000000ef980000)
  to   space 9728K, 0% used [0x00000000f3b80000,0x00000000f3b80000,0x00000000f4500000)
 ParOldGen       total 44032K, used 14277K [0x00000000c1600000, 0x00000000c4100000, 0x00000000eb200000)
  object space 44032K, 32% used [0x00000000c1600000,0x00000000c23f16f8,0x00000000c4100000)
 Metaspace       used 20820K, capacity 21078K, committed 21296K, reserved 1069056K
  class space    used 2585K, capacity 2664K, committed 2688K, reserved 1048576K
Event: 15.161 GC heap after
Heap after GC invocations=8 (full 0):
 PSYoungGen      total 140800K, used 4966K [0x00000000eb200000, 0x00000000f4500000, 0x0000000100000000)
  eden space 131072K, 0% used [0x00000000eb200000,0x00000000eb200000,0x00000000f3200000)
  from space 9728K, 51% used [0x00000000f3b80000,0x00000000f4059b58,0x00000000f4500000)
  to   space 9728K, 0% used [0x00000000f3200000,0x00000000f3200000,0x00000000f3b80000)
 ParOldGen       total 44032K, used 15045K [0x00000000c1600000, 0x00000000c4100000, 0x00000000eb200000)
  object space 44032K, 34% used [0x00000000c1600000,0x00000000c24b1718,0x00000000c4100000)
 Metaspace       used 20820K, capacity 21078K, committed 21296K, reserved 1069056K
  class space    used 2585K, capacity 2664K, committed 2688K, reserved 1048576K
}
Event: 15.161 GC heap before
{Heap before GC invocations=9 (full 1):
 PSYoungGen      total 140800K, used 4966K [0x00000000eb200000, 0x00000000f4500000, 0x0000000100000000)
  eden space 131072K, 0% used [0x00000000eb200000,0x00000000eb200000,0x00000000f3200000)
  from space 9728K, 51% used [0x00000000f3b80000,0x00000000f4059b58,0x00000000f4500000)
  to   space 9728K, 0% used [0x00000000f3200000,0x00000000f3200000,0x00000000f3b80000)
 ParOldGen       total 44032K, used 15045K [0x00000000c1600000, 0x00000000c4100000, 0x00000000eb200000)
  object space 44032K, 34% used [0x00000000c1600000,0x00000000c24b1718,0x00000000c4100000)
 Metaspace       used 20820K, capacity 21078K, committed 21296K, reserved 1069056K
  class space    used 2585K, capacity 2664K, committed 2688K, reserved 1048576K
Event: 15.267 GC heap after
Heap after GC invocations=9 (full 1):
 PSYoungGen      total 140800K, used 0K [0x00000000eb200000, 0x00000000f4500000, 0x0000000100000000)
  eden space 131072K, 0% used [0x00000000eb200000,0x00000000eb200000,0x00000000f3200000)
  from space 9728K, 0% used [0x00000000f3b80000,0x00000000f3b80000,0x00000000f4500000)
  to   space 9728K, 0% used [0x00000000f3200000,0x00000000f3200000,0x00000000f3b80000)
 ParOldGen       total 39424K, used 13096K [0x00000000c1600000, 0x00000000c3c80000, 0x00000000eb200000)
  object space 39424K, 33% used [0x00000000c1600000,0x00000000c22ca088,0x00000000c3c80000)
 Metaspace       used 20820K, capacity 21078K, committed 21296K, reserved 1069056K
  class space    used 2585K, capacity 2664K, committed 2688K, reserved 1048576K
}
Event: 25.144 GC heap before
{Heap before GC invocations=10 (full 1):
 PSYoungGen      total 140800K, used 131072K [0x00000000eb200000, 0x00000000f4500000, 0x0000000100000000)
  eden space 131072K, 100% used [0x00000000eb200000,0x00000000f3200000,0x00000000f3200000)
  from space 9728K, 0% used [0x00000000f3b80000,0x00000000f3b80000,0x00000000f4500000)
  to   space 9728K, 0% used [0x00000000f3200000,0x00000000f3200000,0x00000000f3b80000)
 ParOldGen       total 39424K, used 13096K [0x00000000c1600000, 0x00000000c3c80000, 0x00000000eb200000)
  object space 39424K, 33% used [0x00000000c1600000,0x00000000c22ca088,0x00000000c3c80000)
 Metaspace       used 25957K, capacity 26230K, committed 26496K, reserved 1073152K
  class space    used 3279K, capacity 3384K, committed 3456K, reserved 1048576K
Event: 25.168 GC heap after
Heap after GC invocations=10 (full 1):
 PSYoungGen      total 140800K, used 8390K [0x00000000eb200000, 0x00000000f7900000, 0x0000000100000000)
  eden space 131072K, 0% used [0x00000000eb200000,0x00000000eb200000,0x00000000f3200000)
  from space 9728K, 86% used [0x00000000f3200000,0x00000000f3a31870,0x00000000f3b80000)
  to   space 10240K, 0% used [0x00000000f6f00000,0x00000000f6f00000,0x00000000f7900000)
 ParOldGen       total 39424K, used 13104K [0x00000000c1600000, 0x00000000c3c80000, 0x00000000eb200000)
  object space 39424K, 33% used [0x00000000c1600000,0x00000000c22cc088,0x00000000c3c80000)
 Metaspace       used 25957K, capacity 26230K, committed 26496K, reserved 1073152K
  class space    used 3279K, capacity 3384K, committed 3456K, reserved 1048576K
}

Deoptimization events (10 events):
Event: 32.458 Thread 0x0000000002b35000 Uncommon trap: reason=unhandled action=none pc=0x0000000003847e9c method=java.net.URLClassLoader.findClass(Ljava/lang/String;)Ljava/lang/Class; @ 44
Event: 32.459 Thread 0x0000000002b35000 Uncommon trap: reason=unhandled action=none pc=0x0000000003467c14 method=java.net.URLClassLoader.findClass(Ljava/lang/String;)Ljava/lang/Class; @ 44
Event: 32.459 Thread 0x0000000002b35000 Uncommon trap: reason=unhandled action=none pc=0x0000000003847e9c method=java.net.URLClassLoader.findClass(Ljava/lang/String;)Ljava/lang/Class; @ 44
Event: 32.459 Thread 0x0000000002b35000 Uncommon trap: reason=unhandled action=none pc=0x0000000003467c14 method=java.net.URLClassLoader.findClass(Ljava/lang/String;)Ljava/lang/Class; @ 44
Event: 32.462 Thread 0x0000000002b35000 Uncommon trap: reason=unhandled action=none pc=0x0000000003847e9c method=java.net.URLClassLoader.findClass(Ljava/lang/String;)Ljava/lang/Class; @ 44
Event: 32.462 Thread 0x0000000002b35000 Uncommon trap: reason=unhandled action=none pc=0x0000000003467c14 method=java.net.URLClassLoader.findClass(Ljava/lang/String;)Ljava/lang/Class; @ 44
Event: 32.463 Thread 0x0000000002b35000 Uncommon trap: reason=unhandled action=none pc=0x0000000003847e9c method=java.net.URLClassLoader.findClass(Ljava/lang/String;)Ljava/lang/Class; @ 44
Event: 32.463 Thread 0x0000000002b35000 Uncommon trap: reason=unhandled action=none pc=0x0000000003467c14 method=java.net.URLClassLoader.findClass(Ljava/lang/String;)Ljava/lang/Class; @ 44
Event: 32.780 Thread 0x0000000002b35000 Uncommon trap: reason=range_check action=none pc=0x0000000002e4929c method=sun.reflect.generics.parser.SignatureParser.current()C @ 34
Event: 32.783 Thread 0x0000000002b35000 Uncommon trap: reason=range_check action=none pc=0x0000000002e4929c method=sun.reflect.generics.parser.SignatureParser.current()C @ 34

Internal exceptions (10 events):
Event: 32.352 Thread 0x0000000002b35000 Exception <a 'java/lang/ClassNotFoundException': org/springframework/boot/autoconfigure/jdbc/DataSourceConfiguration$TomcatCustomizer> (0x00000000ec6c4540) thrown at [C:\re\workspace\8-2-build-windows-amd64-cygwin\jdk8u131\8869\hotspot\src\share\vm\classf
Event: 32.433 Thread 0x0000000002b35000 Exception <a 'java/lang/ClassNotFoundException': java/lang/ObjectCustomizer> (0x00000000ec70ed00) thrown at [C:\re\workspace\8-2-build-windows-amd64-cygwin\jdk8u131\8869\hotspot\src\share\vm\classfile\systemDictionary.cpp, line 210]
Event: 32.435 Thread 0x0000000002b35000 Exception <a 'java/lang/ClassNotFoundException': org/springframework/boot/autoconfigure/jdbc/DataSourcePropertiesCustomizer> (0x00000000ec727010) thrown at [C:\re\workspace\8-2-build-windows-amd64-cygwin\jdk8u131\8869\hotspot\src\share\vm\classfile\system
Event: 32.436 Thread 0x0000000002b35000 Exception <a 'java/lang/ArrayIndexOutOfBoundsException': 44> (0x00000000ec72c2c8) thrown at [C:\re\workspace\8-2-build-windows-amd64-cygwin\jdk8u131\8869\hotspot\src\share\vm\interpreter\interpreterRuntime.cpp, line 366]
Event: 32.436 Thread 0x0000000002b35000 Exception <a 'java/lang/ArrayIndexOutOfBoundsException': 45> (0x00000000ec72e310) thrown at [C:\re\workspace\8-2-build-windows-amd64-cygwin\jdk8u131\8869\hotspot\src\share\vm\interpreter\interpreterRuntime.cpp, line 366]
Event: 32.456 Thread 0x0000000002b35000 Exception <a 'java/lang/ClassNotFoundException': org/springframework/beans/factory/BeanClassLoaderAwareCustomizer> (0x00000000f08c59e8) thrown at [C:\re\workspace\8-2-build-windows-amd64-cygwin\jdk8u131\8869\hotspot\src\share\vm\classfile\systemDictionary
Event: 32.461 Thread 0x0000000002b35000 Exception <a 'java/lang/ClassNotFoundException': org/springframework/context/EnvironmentAwareCustomizer> (0x00000000f08d7980) thrown at [C:\re\workspace\8-2-build-windows-amd64-cygwin\jdk8u131\8869\hotspot\src\share\vm\classfile\systemDictionary.cpp, line
Event: 32.463 Thread 0x0000000002b35000 Exception <a 'java/lang/ClassNotFoundException': org/springframework/beans/factory/InitializingBeanCustomizer> (0x00000000f08eac18) thrown at [C:\re\workspace\8-2-build-windows-amd64-cygwin\jdk8u131\8869\hotspot\src\share\vm\classfile\systemDictionary.cpp
Event: 32.781 Thread 0x0000000002b35000 Exception <a 'java/lang/ArrayIndexOutOfBoundsException': 44> (0x00000000f0a30c28) thrown at [C:\re\workspace\8-2-build-windows-amd64-cygwin\jdk8u131\8869\hotspot\src\share\vm\interpreter\interpreterRuntime.cpp, line 366]
Event: 32.783 Thread 0x0000000002b35000 Exception <a 'java/lang/ArrayIndexOutOfBoundsException': 45> (0x00000000f0a32558) thrown at [C:\re\workspace\8-2-build-windows-amd64-cygwin\jdk8u131\8869\hotspot\src\share\vm\interpreter\interpreterRuntime.cpp, line 366]

Events (10 events):
Event: 32.780 Thread 0x000000001528e000 flushing nmethod 0x0000000003184c50
Event: 32.780 Thread 0x0000000002b35000 Uncommon trap: trap_request=0xffffffe7 fr.pc=0x0000000002e4929c
Event: 32.780 Thread 0x0000000002b35000 DEOPT PACKING pc=0x0000000002e4929c sp=0x0000000002aebd10
Event: 32.780 Thread 0x0000000002b35000 DEOPT UNPACKING pc=0x0000000002c7582a sp=0x0000000002aebca8 mode 2
Event: 32.781 Thread 0x000000001528e000 flushing nmethod 0x0000000003212e50
Event: 32.783 Thread 0x0000000002b35000 Uncommon trap: trap_request=0xffffffe7 fr.pc=0x0000000002e4929c
Event: 32.783 Thread 0x0000000002b35000 DEOPT PACKING pc=0x0000000002e4929c sp=0x0000000002aebab0
Event: 32.783 Thread 0x0000000002b35000 DEOPT UNPACKING pc=0x0000000002c7582a sp=0x0000000002aeba48 mode 2
Event: 32.788 Thread 0x000000001528e000 flushing nmethod 0x000000000353a990
Event: 32.794 Thread 0x000000001528e000 flushing nmethod 0x000000000360c650


Dynamic libraries:
0x00007ff792c60000 - 0x00007ff792c97000 	C:\Program Files\Java\jre1.8.0_131\bin\javaw.exe
0x00007ff95e990000 - 0x00007ff95eb6b000 	C:\WINDOWS\SYSTEM32\ntdll.dll
0x00007ff94a020000 - 0x00007ff94a054000 	D:\Program Files\AVAST Software\Avast\x64\aswhooka.dll
0x00007ff95e230000 - 0x00007ff95e2de000 	C:\WINDOWS\System32\KERNEL32.DLL
0x00007ff95aeb0000 - 0x00007ff95b0f9000 	C:\WINDOWS\System32\KERNELBASE.dll
0x00007ff95e790000 - 0x00007ff95e831000 	C:\WINDOWS\System32\ADVAPI32.dll
0x00007ff95c770000 - 0x00007ff95c80d000 	C:\WINDOWS\System32\msvcrt.dll
0x00007ff95e870000 - 0x00007ff95e8c9000 	C:\WINDOWS\System32\sechost.dll
0x00007ff95c0e0000 - 0x00007ff95c205000 	C:\WINDOWS\System32\RPCRT4.dll
0x00007ff95c320000 - 0x00007ff95c46a000 	C:\WINDOWS\System32\USER32.dll
0x00007ff95b200000 - 0x00007ff95b21e000 	C:\WINDOWS\System32\win32u.dll
0x00007ff95e840000 - 0x00007ff95e867000 	C:\WINDOWS\System32\GDI32.dll
0x00007ff95b2c0000 - 0x00007ff95b447000 	C:\WINDOWS\System32\gdi32full.dll
0x00007ff95b220000 - 0x00007ff95b2ba000 	C:\WINDOWS\System32\msvcp_win.dll
0x00007ff95b100000 - 0x00007ff95b1f6000 	C:\WINDOWS\System32\ucrtbase.dll
0x00007ff94f740000 - 0x00007ff94f9a7000 	C:\WINDOWS\WinSxS\amd64_microsoft.windows.common-controls_6595b64144ccf1df_6.0.15063.483_none_26002d27e7c744a2\COMCTL32.dll
0x00007ff95c470000 - 0x00007ff95c769000 	C:\WINDOWS\System32\combase.dll
0x00007ff95bcb0000 - 0x00007ff95bd1a000 	C:\WINDOWS\System32\bcryptPrimitives.dll
0x00007ff95cbb0000 - 0x00007ff95cbdd000 	C:\WINDOWS\System32\IMM32.DLL
0x0000000075890000 - 0x0000000075962000 	C:\Program Files\Java\jre1.8.0_131\bin\msvcr100.dll
0x0000000075be0000 - 0x000000007647c000 	C:\Program Files\Java\jre1.8.0_131\bin\server\jvm.dll
0x00007ff95e2e0000 - 0x00007ff95e2e8000 	C:\WINDOWS\System32\PSAPI.DLL
0x00007ff94a240000 - 0x00007ff94a249000 	C:\WINDOWS\SYSTEM32\WSOCK32.dll
0x00007ff95cbe0000 - 0x00007ff95cc4c000 	C:\WINDOWS\System32\WS2_32.dll
0x00007ff957c60000 - 0x00007ff957c83000 	C:\WINDOWS\SYSTEM32\WINMM.dll
0x00007ff952410000 - 0x00007ff95241a000 	C:\WINDOWS\SYSTEM32\VERSION.dll
0x00007ff957c30000 - 0x00007ff957c5b000 	C:\WINDOWS\SYSTEM32\WINMMBASE.dll
0x00007ff95b560000 - 0x00007ff95b5a9000 	C:\WINDOWS\System32\cfgmgr32.dll
0x0000000076620000 - 0x000000007662f000 	C:\Program Files\Java\jre1.8.0_131\bin\verify.dll
0x00000000765f0000 - 0x0000000076619000 	C:\Program Files\Java\jre1.8.0_131\bin\java.dll
0x0000000076510000 - 0x0000000076545000 	C:\Program Files\Java\jre1.8.0_131\bin\jdwp.dll
0x0000000075b50000 - 0x0000000075b58000 	C:\Program Files\Java\jre1.8.0_131\bin\npt.dll
0x00000000765d0000 - 0x00000000765e6000 	C:\Program Files\Java\jre1.8.0_131\bin\zip.dll
0x00007ff95cdf0000 - 0x00007ff95e227000 	C:\WINDOWS\System32\SHELL32.dll
0x00007ff95c810000 - 0x00007ff95c8ba000 	C:\WINDOWS\System32\shcore.dll
0x00007ff95b5b0000 - 0x00007ff95bca1000 	C:\WINDOWS\System32\windows.storage.dll
0x00007ff95c2b0000 - 0x00007ff95c301000 	C:\WINDOWS\System32\shlwapi.dll
0x00007ff95ae20000 - 0x00007ff95ae31000 	C:\WINDOWS\System32\kernel.appcore.dll
0x00007ff95ae60000 - 0x00007ff95aeac000 	C:\WINDOWS\System32\powrprof.dll
0x00007ff95ae40000 - 0x00007ff95ae55000 	C:\WINDOWS\System32\profapi.dll
0x0000000075b40000 - 0x0000000075b49000 	C:\Program Files\Java\jre1.8.0_131\bin\dt_socket.dll
0x00007ff946c70000 - 0x00007ff946c86000 	C:\WINDOWS\system32\napinsp.dll
0x00007ff946c50000 - 0x00007ff946c6a000 	C:\WINDOWS\system32\pnrpnsp.dll
0x00007ff9580c0000 - 0x00007ff9580d8000 	C:\WINDOWS\system32\NLAapi.dll
0x00007ff95a710000 - 0x00007ff95a76c000 	C:\WINDOWS\System32\mswsock.dll
0x00007ff95a4f0000 - 0x00007ff95a594000 	C:\WINDOWS\SYSTEM32\DNSAPI.dll
0x00007ff95c310000 - 0x00007ff95c318000 	C:\WINDOWS\System32\NSI.dll
0x00007ff95a4b0000 - 0x00007ff95a4e7000 	C:\WINDOWS\SYSTEM32\IPHLPAPI.DLL
0x00007ff94a220000 - 0x00007ff94a22e000 	C:\WINDOWS\System32\winrnr.dll
0x00007ff946c30000 - 0x00007ff946c45000 	C:\WINDOWS\System32\wshbth.dll
0x00007ff94e940000 - 0x00007ff94e9ab000 	C:\WINDOWS\System32\fwpuclnt.dll
0x00007ff95a9c0000 - 0x00007ff95a9e5000 	C:\WINDOWS\SYSTEM32\bcrypt.dll
0x00007ff94c050000 - 0x00007ff94c05a000 	C:\Windows\System32\rasadhlp.dll
0x0000000075b30000 - 0x0000000075b3d000 	C:\Program Files\Java\jre1.8.0_131\bin\management.dll
0x00000000765b0000 - 0x00000000765ca000 	C:\Program Files\Java\jre1.8.0_131\bin\net.dll
0x0000000076590000 - 0x00000000765a1000 	C:\Program Files\Java\jre1.8.0_131\bin\nio.dll
0x00007ff95a8b0000 - 0x00007ff95a8c7000 	C:\WINDOWS\SYSTEM32\CRYPTSP.dll
0x00007ff95a330000 - 0x00007ff95a364000 	C:\WINDOWS\system32\rsaenh.dll
0x00007ff95ad30000 - 0x00007ff95ad59000 	C:\WINDOWS\SYSTEM32\USERENV.dll
0x00007ff95a8d0000 - 0x00007ff95a8db000 	C:\WINDOWS\SYSTEM32\CRYPTBASE.dll
0x00007ff952da0000 - 0x00007ff952db6000 	C:\WINDOWS\SYSTEM32\dhcpcsvc6.DLL
0x00007ff952d80000 - 0x00007ff952d9a000 	C:\WINDOWS\SYSTEM32\dhcpcsvc.DLL

VM Arguments:
jvm_args: -agentlib:jdwp=transport=dt_socket,suspend=y,address=localhost:56548 -Dfile.encoding=Cp1252 
java_command: rs.ac.uns.ftn.informatika.jpa.JpaExampleApplication
java_class_path (initial): C:\Users\jerem\git\isa\bioskopi\target\classes;C:\Users\jerem\.m2\repository\org\springframework\boot\spring-boot-starter-data-jpa\1.4.1.RELEASE\spring-boot-starter-data-jpa-1.4.1.RELEASE.jar;C:\Users\jerem\.m2\repository\org\springframework\boot\spring-boot-starter\1.4.1.RELEASE\spring-boot-starter-1.4.1.RELEASE.jar;C:\Users\jerem\.m2\repository\org\springframework\boot\spring-boot\1.4.1.RELEASE\spring-boot-1.4.1.RELEASE.jar;C:\Users\jerem\.m2\repository\org\springframework\boot\spring-boot-autoconfigure\1.4.1.RELEASE\spring-boot-autoconfigure-1.4.1.RELEASE.jar;C:\Users\jerem\.m2\repository\org\springframework\boot\spring-boot-starter-logging\1.4.1.RELEASE\spring-boot-starter-logging-1.4.1.RELEASE.jar;C:\Users\jerem\.m2\repository\ch\qos\logback\logback-classic\1.1.7\logback-classic-1.1.7.jar;C:\Users\jerem\.m2\repository\ch\qos\logback\logback-core\1.1.7\logback-core-1.1.7.jar;C:\Users\jerem\.m2\repository\org\slf4j\jul-to-slf4j\1.7.21\jul-to-slf4j-1.7.21.jar;C:\Users\jerem\.m2\repository\org\slf4j\log4j-over-slf4j\1.7.21\log4j-over-slf4j-1.7.21.jar;C:\Users\jerem\.m2\repository\org\yaml\snakeyaml\1.17\snakeyaml-1.17.jar;C:\Users\jerem\.m2\repository\org\springframework\boot\spring-boot-starter-aop\1.4.1.RELEASE\spring-boot-starter-aop-1.4.1.RELEASE.jar;C:\Users\jerem\.m2\repository\org\aspectj\aspectjweaver\1.8.9\aspectjweaver-1.8.9.jar;C:\Users\jerem\.m2\repository\org\springframework\boot\spring-boot-starter-jdbc\1.4.1.RELEASE\spring-boot-starter-jdbc-1.4.1.RELEASE.jar;C:\Users\jerem\.m2\repository\org\apache\tomcat\tomcat-jdbc\8.5.5\tomcat-jdbc-8.5.5.jar;C:\Users\jerem\.m2\repository\org\apache\tomcat\tomcat-juli\8.5.5\tomcat-juli-8.5.5.jar;C:\Users\jerem\.m2\repository\org\springframework\spring-jdbc\4.3.3.RELEASE\spring-jdbc-4.3.3.RELEASE.jar;C:\Users\jerem\.m2\repository\org\hibernate\hibernate-core\5.0.11.Final\hibernate-core-5.0.11.Final.jar;C:\Users\jerem\.m2\repository\org\jboss\logging\jboss-logging\3.3.0.Final\jboss-loggin
Launcher Type: SUN_STANDARD

Environment Variables:
JAVA_HOME=C:\Program Files\Java\jdk1.8.0_111
JRE_HOME=C:\Program Files\Java\jre1.8.0_131
CLASSPATH=C:\Program Files\Java\Microsoft JDBC Driver 6.2 for SQL Server\sqljdbc_6.2\enu\mssql-jdbc-6.2.2.jre8
PATH=C:/Program Files/Java/jre1.8.0_131/bin/server;C:/Program Files/Java/jre1.8.0_131/bin;C:/Program Files/Java/jre1.8.0_131/lib/amd64;D:\OracleDatabaseXE\app\oracle\product\11.2.0\server\bin;C:\ProgramData\Oracle\Java\javapath;C:\Program Files (x86)\Intel\iCLS Client\;C:\Program Files\Intel\iCLS Client\;C:\Windows\system32;C:\Windows;C:\Windows\System32\Wbem;C:\Windows\System32\WindowsPowerShell\v1.0\;C:\Program Files\Microsoft SQL Server\120\Tools\Binn\;C:\Program Files\Microsoft SQL Server\130\Tools\Binn\;C:\Program Files (x86)\Windows Kits\10\Windows Performance Toolkit\;C:\Users\jerem\.dnx\bin;C:\Program Files\Microsoft DNX\Dnvm\;C:\Program Files (x86)\GtkSharp\2.12\bin;C:\Program Files\Intel\Intel(R) Management Engine Components\DAL;C:\Program Files\Intel\Intel(R) Management Engine Components\IPT;C:\Program Files (x86)\Intel\Intel(R) Management Engine Components\DAL;C:\Program Files (x86)\Intel\Intel(R) Management Engine Components\IPT;D:\Program Files\Lua\5.1;D:\Program Files\Lua\5.1\clibs;C:\Program Files\Git\cmd;C:\WINDOWS\system32;C:\WINDOWS;C:\WINDOWS\System32\Wbem;C:\WINDOWS\System32\WindowsPowerShell\v1.0\;C:\Program Files\MySQL\MySQL Utilities 1.6\;C:\Users\jerem\AppData\Local\Programs\Python\Python37\Scripts\;C:\Users\jerem\AppData\Local\Programs\Python\Python37\;C:\MinGW\bin;C:\MinGW\msys\1.0\bin;C:\MinGW\msys\1.0\;D:\Program Files\Microsoft VS Code\bin;C:\Users\jerem\AppData\Local\Microsoft\WindowsApps;D:\Program Files\setupi\downloads\apache-maven-3.5.2-bin\apache-maven-3.5.2\bin;;D:\Program Files\setupi\downloads\eclipse-jee-mars-2-win32-x86_64\eclipse;
USERNAME=jerem
OS=Windows_NT
PROCESSOR_IDENTIFIER=Intel64 Family 6 Model 69 Stepping 1, GenuineIntel



---------------  S Y S T E M  ---------------

OS: Windows 10.0 , 64 bit Build 15063 (10.0.15063.1029)

CPU:total 4 (initial active 4) (2 cores per cpu, 2 threads per core) family 6 model 69 stepping 1, cmov, cx8, fxsr, mmx, sse, sse2, sse3, ssse3, sse4.1, sse4.2, popcnt, avx, avx2, aes, clmul, erms, lzcnt, ht, tsc, tscinvbit, bmi1, bmi2

Memory: 4k page, physical 4099864k(546412k free), swap 9760760k(4548k free)

vm_info: Java HotSpot(TM) 64-Bit Server VM (25.131-b11) for windows-amd64 JRE (1.8.0_131-b11), built on Mar 15 2017 01:23:53 by "java_re" with MS VC++ 10.0 (VS2010)

time: Wed Apr 18 19:50:45 2018
elapsed time: 39 seconds (0d 0h 0m 39s)

