#
# There is insufficient memory for the Java Runtime Environment to continue.
# Native memory allocation (malloc) failed to allocate 2758576 bytes for Chunk::new
# Possible reasons:
#   The system is out of physical RAM or swap space
#   In 32 bit mode, the process size limit was hit
# Possible solutions:
#   Reduce memory load on the system
#   Increase physical memory or swap space
#   Check if swap backing store is full
#   Use 64 bit Java on a 64 bit OS
#   Decrease Java heap size (-Xmx/-Xms)
#   Decrease number of Java threads
#   Decrease Java thread stack sizes (-Xss)
#   Set larger code cache with -XX:ReservedCodeCacheSize=
# This output file may be truncated or incomplete.
#
#  Out of Memory Error (allocation.cpp:390), pid=12972, tid=0x0000000000001e5c
#
# JRE version: Java(TM) SE Runtime Environment (8.0_131-b11) (build 1.8.0_131-b11)
# Java VM: Java HotSpot(TM) 64-Bit Server VM (25.131-b11 mixed mode windows-amd64 compressed oops)
# Failed to write core dump. Minidumps are not enabled by default on client versions of Windows
#

---------------  T H R E A D  ---------------

Current thread (0x00000000148ef800):  JavaThread "C2 CompilerThread1" daemon [_thread_in_native, id=7772, stack(0x0000000016640000,0x0000000016740000)]

Stack: [0x0000000016640000,0x0000000016740000]
[error occurred during error reporting (printing stack bounds), id 0xc0000005]

Native frames: (J=compiled Java code, j=interpreted, Vv=VM code, C=native code)


Current CompileTask:
C2: 267317 5920   !   4       org.springframework.core.annotation.AnnotationUtils::searchOnInterfaces (77 bytes)


---------------  P R O C E S S  ---------------

Java Threads: ( => current thread )
  0x0000000019e36800 JavaThread "Abandoned connection cleanup thread" daemon [_thread_blocked, id=5036, stack(0x000000001e180000,0x000000001e280000)]
  0x0000000019e35000 JavaThread "Tomcat JDBC Pool Cleaner[414493378:1523998277356]" daemon [_thread_blocked, id=3372, stack(0x000000001e080000,0x000000001e180000)]
  0x000000001ae31800 JavaThread "container-0" [_thread_blocked, id=1832, stack(0x000000001cd80000,0x000000001ce80000)]
  0x000000001e7c4800 JavaThread "ContainerBackgroundProcessor[StandardEngine[Tomcat]]" daemon [_thread_blocked, id=8924, stack(0x000000001cc80000,0x000000001cd80000)]
  0x000000001679b000 JavaThread "Service Thread" daemon [_thread_blocked, id=2612, stack(0x0000000016c40000,0x0000000016d40000)]
  0x0000000016758800 JavaThread "C1 CompilerThread2" daemon [_thread_blocked, id=3716, stack(0x0000000016b40000,0x0000000016c40000)]
=>0x00000000148ef800 JavaThread "C2 CompilerThread1" daemon [_thread_in_native, id=7772, stack(0x0000000016640000,0x0000000016740000)]
  0x00000000148e9800 JavaThread "C2 CompilerThread0" daemon [_thread_in_native, id=12604, stack(0x0000000016540000,0x0000000016640000)]
  0x00000000148de000 JavaThread "JDWP Command Reader" daemon [_thread_in_native, id=9016, stack(0x0000000016440000,0x0000000016540000)]
  0x00000000148db000 JavaThread "JDWP Event Helper Thread" daemon [_thread_blocked, id=12716, stack(0x0000000016340000,0x0000000016440000)]
  0x00000000148cd800 JavaThread "JDWP Transport Listener: dt_socket" daemon [_thread_blocked, id=8020, stack(0x0000000016240000,0x0000000016340000)]
  0x00000000148c0800 JavaThread "Attach Listener" daemon [_thread_blocked, id=10544, stack(0x0000000015e00000,0x0000000015f00000)]
  0x00000000148bf000 JavaThread "Signal Dispatcher" daemon [_thread_blocked, id=1040, stack(0x0000000015d00000,0x0000000015e00000)]
  0x00000000148af800 JavaThread "Finalizer" daemon [_thread_blocked, id=12504, stack(0x0000000015b10000,0x0000000015c10000)]
  0x00000000022b3000 JavaThread "Reference Handler" daemon [_thread_blocked, id=5436, stack(0x0000000015a10000,0x0000000015b10000)]
  0x00000000021c5000 JavaThread "main" [_thread_in_native, id=8776, stack(0x00000000020c0000,0x00000000021c0000)]

Other Threads:
  0x0000000014888000 VMThread [stack: 0x0000000015910000,0x0000000015a10000] [id=6084]
  0x00000000167b9000 WatcherThread [stack: 0x0000000016d40000,0x0000000016e40000] [id=10352]

VM state:not at safepoint (normal execution)

VM Mutex/Monitor currently owned by a thread: None

Heap:
 PSYoungGen      total 134144K, used 52162K [0x00000000eb200000, 0x00000000f5580000, 0x0000000100000000)
  eden space 120832K, 36% used [0x00000000eb200000,0x00000000edcd4450,0x00000000f2800000)
  from space 13312K, 62% used [0x00000000f2800000,0x00000000f301c6c0,0x00000000f3500000)
  to   space 12800K, 0% used [0x00000000f4900000,0x00000000f4900000,0x00000000f5580000)
 ParOldGen       total 70144K, used 31762K [0x00000000c1600000, 0x00000000c5a80000, 0x00000000eb200000)
  object space 70144K, 45% used [0x00000000c1600000,0x00000000c3504890,0x00000000c5a80000)
 Metaspace       used 47835K, capacity 48306K, committed 48808K, reserved 1091584K
  class space    used 6129K, capacity 6252K, committed 6312K, reserved 1048576K

Card table byte_map: [0x0000000011680000,0x0000000011880000] byte_map_base: 0x0000000011075000

Marking Bits: (ParMarkBitMap*) 0x00000000763fc720
 Begin Bits: [0x0000000011dd0000, 0x0000000012d78000)
 End Bits:   [0x0000000012d78000, 0x0000000013d20000)

Polling page: 0x0000000001f00000

CodeCache: size=245760Kb used=21130Kb max_used=21721Kb free=224629Kb
 bounds [0x00000000022c0000, 0x0000000003870000, 0x00000000112c0000]
 total_blobs=5517 nmethods=5009 adapters=427
 compilation: enabled

Compilation events (10 events):
Event: 266.122 Thread 0x00000000148ef800 nmethod 5919 0x00000000037beb50 code [0x00000000037bef00, 0x00000000037c2428]
Event: 266.126 Thread 0x00000000148ef800 5920   !   4       org.springframework.core.annotation.AnnotationUtils::searchOnInterfaces (77 bytes)
Event: 266.686 Thread 0x0000000016758800 5926       1       org.springframework.aop.support.annotation.AnnotationMatchingPointcut::getClassFilter (5 bytes)
Event: 266.687 Thread 0x0000000016758800 nmethod 5926 0x0000000003253b90 code [0x0000000003253ce0, 0x0000000003253df0]
Event: 266.834 Thread 0x0000000016758800 5927       3       org.springframework.security.crypto.bcrypt.BCrypt::streamtoword (50 bytes)
Event: 266.834 Thread 0x0000000016758800 nmethod 5927 0x0000000002e1ea50 code [0x0000000002e1ebc0, 0x0000000002e1ee50]
Event: 266.835 Thread 0x0000000016758800 5928       3       org.springframework.security.crypto.bcrypt.BCrypt::encipher (253 bytes)
Event: 266.836 Thread 0x0000000016758800 nmethod 5928 0x0000000002423650 code [0x00000000024237e0, 0x0000000002423c70]
Event: 266.856 Thread 0x0000000016758800 5930       3       org.springframework.security.crypto.bcrypt.BCrypt::key (154 bytes)
Event: 266.857 Thread 0x0000000016758800 nmethod 5930 0x0000000002447d90 code [0x0000000002447f60, 0x0000000002448608]

GC Heap History (10 events):
Event: 21.559 GC heap before
{Heap before GC invocations=13 (full 1):
 PSYoungGen      total 110592K, used 110571K [0x00000000eb200000, 0x00000000f2780000, 0x0000000100000000)
  eden space 102912K, 100% used [0x00000000eb200000,0x00000000f1680000,0x00000000f1680000)
  from space 7680K, 99% used [0x00000000f1680000,0x00000000f1dfad90,0x00000000f1e00000)
  to   space 8704K, 0% used [0x00000000f1f00000,0x00000000f1f00000,0x00000000f2780000)
 ParOldGen       total 44032K, used 14730K [0x00000000c1600000, 0x00000000c4100000, 0x00000000eb200000)
  object space 44032K, 33% used [0x00000000c1600000,0x00000000c2462af8,0x00000000c4100000)
 Metaspace       used 29936K, capacity 30292K, committed 30464K, reserved 1075200K
  class space    used 3744K, capacity 3837K, committed 3840K, reserved 1048576K
Event: 21.593 GC heap after
Heap after GC invocations=13 (full 1):
 PSYoungGen      total 111104K, used 7415K [0x00000000eb200000, 0x00000000f3f00000, 0x0000000100000000)
  eden space 102400K, 0% used [0x00000000eb200000,0x00000000eb200000,0x00000000f1600000)
  from space 8704K, 85% used [0x00000000f1f00000,0x00000000f263dd38,0x00000000f2780000)
  to   space 9216K, 0% used [0x00000000f1600000,0x00000000f1600000,0x00000000f1f00000)
 ParOldGen       total 44032K, used 16622K [0x00000000c1600000, 0x00000000c4100000, 0x00000000eb200000)
  object space 44032K, 37% used [0x00000000c1600000,0x00000000c263bb28,0x00000000c4100000)
 Metaspace       used 29936K, capacity 30292K, committed 30464K, reserved 1075200K
  class space    used 3744K, capacity 3837K, committed 3840K, reserved 1048576K
}
Event: 25.929 GC heap before
{Heap before GC invocations=14 (full 1):
 PSYoungGen      total 111104K, used 57402K [0x00000000eb200000, 0x00000000f3f00000, 0x0000000100000000)
  eden space 102400K, 48% used [0x00000000eb200000,0x00000000ee2d0d70,0x00000000f1600000)
  from space 8704K, 85% used [0x00000000f1f00000,0x00000000f263dd38,0x00000000f2780000)
  to   space 9216K, 0% used [0x00000000f1600000,0x00000000f1600000,0x00000000f1f00000)
 ParOldGen       total 44032K, used 16622K [0x00000000c1600000, 0x00000000c4100000, 0x00000000eb200000)
  object space 44032K, 37% used [0x00000000c1600000,0x00000000c263bb28,0x00000000c4100000)
 Metaspace       used 35021K, capacity 35322K, committed 35496K, reserved 1081344K
  class space    used 4417K, capacity 4510K, committed 4520K, reserved 1048576K
Event: 25.949 GC heap after
Heap after GC invocations=14 (full 1):
 PSYoungGen      total 111616K, used 9205K [0x00000000eb200000, 0x00000000f4000000, 0x0000000100000000)
  eden space 102400K, 0% used [0x00000000eb200000,0x00000000eb200000,0x00000000f1600000)
  from space 9216K, 99% used [0x00000000f1600000,0x00000000f1efd758,0x00000000f1f00000)
  to   space 11264K, 0% used [0x00000000f3500000,0x00000000f3500000,0x00000000f4000000)
 ParOldGen       total 44032K, used 20365K [0x00000000c1600000, 0x00000000c4100000, 0x00000000eb200000)
  object space 44032K, 46% used [0x00000000c1600000,0x00000000c29e3468,0x00000000c4100000)
 Metaspace       used 35021K, capacity 35322K, committed 35496K, reserved 1081344K
  class space    used 4417K, capacity 4510K, committed 4520K, reserved 1048576K
}
Event: 25.949 GC heap before
{Heap before GC invocations=15 (full 2):
 PSYoungGen      total 111616K, used 9205K [0x00000000eb200000, 0x00000000f4000000, 0x0000000100000000)
  eden space 102400K, 0% used [0x00000000eb200000,0x00000000eb200000,0x00000000f1600000)
  from space 9216K, 99% used [0x00000000f1600000,0x00000000f1efd758,0x00000000f1f00000)
  to   space 11264K, 0% used [0x00000000f3500000,0x00000000f3500000,0x00000000f4000000)
 ParOldGen       total 44032K, used 20365K [0x00000000c1600000, 0x00000000c4100000, 0x00000000eb200000)
  object space 44032K, 46% used [0x00000000c1600000,0x00000000c29e3468,0x00000000c4100000)
 Metaspace       used 35021K, capacity 35322K, committed 35496K, reserved 1081344K
  class space    used 4417K, capacity 4510K, committed 4520K, reserved 1048576K
Event: 26.094 GC heap after
Heap after GC invocations=15 (full 2):
 PSYoungGen      total 111616K, used 0K [0x00000000eb200000, 0x00000000f4000000, 0x0000000100000000)
  eden space 102400K, 0% used [0x00000000eb200000,0x00000000eb200000,0x00000000f1600000)
  from space 9216K, 0% used [0x00000000f1600000,0x00000000f1600000,0x00000000f1f00000)
  to   space 11264K, 0% used [0x00000000f3500000,0x00000000f3500000,0x00000000f4000000)
 ParOldGen       total 70144K, used 24909K [0x00000000c1600000, 0x00000000c5a80000, 0x00000000eb200000)
  object space 70144K, 35% used [0x00000000c1600000,0x00000000c2e53768,0x00000000c5a80000)
 Metaspace       used 35021K, capacity 35322K, committed 35496K, reserved 1081344K
  class space    used 4417K, capacity 4510K, committed 4520K, reserved 1048576K
}
Event: 204.764 GC heap before
{Heap before GC invocations=16 (full 2):
 PSYoungGen      total 111616K, used 102400K [0x00000000eb200000, 0x00000000f4000000, 0x0000000100000000)
  eden space 102400K, 100% used [0x00000000eb200000,0x00000000f1600000,0x00000000f1600000)
  from space 9216K, 0% used [0x00000000f1600000,0x00000000f1600000,0x00000000f1f00000)
  to   space 11264K, 0% used [0x00000000f3500000,0x00000000f3500000,0x00000000f4000000)
 ParOldGen       total 70144K, used 24909K [0x00000000c1600000, 0x00000000c5a80000, 0x00000000eb200000)
  object space 70144K, 35% used [0x00000000c1600000,0x00000000c2e53768,0x00000000c5a80000)
 Metaspace       used 42484K, capacity 42850K, committed 43304K, reserved 1087488K
  class space    used 5470K, capacity 5578K, committed 5672K, reserved 1048576K
Event: 204.786 GC heap after
Heap after GC invocations=16 (full 2):
 PSYoungGen      total 132096K, used 11236K [0x00000000eb200000, 0x00000000f4500000, 0x0000000100000000)
  eden space 120832K, 0% used [0x00000000eb200000,0x00000000eb200000,0x00000000f2800000)
  from space 11264K, 99% used [0x00000000f3500000,0x00000000f3ff9330,0x00000000f4000000)
  to   space 13312K, 0% used [0x00000000f2800000,0x00000000f2800000,0x00000000f3500000)
 ParOldGen       total 70144K, used 25660K [0x00000000c1600000, 0x00000000c5a80000, 0x00000000eb200000)
  object space 70144K, 36% used [0x00000000c1600000,0x00000000c2f0f110,0x00000000c5a80000)
 Metaspace       used 42484K, capacity 42850K, committed 43304K, reserved 1087488K
  class space    used 5470K, capacity 5578K, committed 5672K, reserved 1048576K
}
Event: 263.208 GC heap before
{Heap before GC invocations=17 (full 2):
 PSYoungGen      total 132096K, used 132068K [0x00000000eb200000, 0x00000000f4500000, 0x0000000100000000)
  eden space 120832K, 100% used [0x00000000eb200000,0x00000000f2800000,0x00000000f2800000)
  from space 11264K, 99% used [0x00000000f3500000,0x00000000f3ff9330,0x00000000f4000000)
  to   space 13312K, 0% used [0x00000000f2800000,0x00000000f2800000,0x00000000f3500000)
 ParOldGen       total 70144K, used 25660K [0x00000000c1600000, 0x00000000c5a80000, 0x00000000eb200000)
  object space 70144K, 36% used [0x00000000c1600000,0x00000000c2f0f110,0x00000000c5a80000)
 Metaspace       used 46730K, capacity 47170K, committed 47656K, reserved 1091584K
  class space    used 5986K, capacity 6116K, committed 6184K, reserved 1048576K
Event: 263.239 GC heap after
Heap after GC invocations=17 (full 2):
 PSYoungGen      total 134144K, used 8305K [0x00000000eb200000, 0x00000000f5580000, 0x0000000100000000)
  eden space 120832K, 0% used [0x00000000eb200000,0x00000000eb200000,0x00000000f2800000)
  from space 13312K, 62% used [0x00000000f2800000,0x00000000f301c6c0,0x00000000f3500000)
  to   space 12800K, 0% used [0x00000000f4900000,0x00000000f4900000,0x00000000f5580000)
 ParOldGen       total 70144K, used 31762K [0x00000000c1600000, 0x00000000c5a80000, 0x00000000eb200000)
  object space 70144K, 45% used [0x00000000c1600000,0x00000000c3504890,0x00000000c5a80000)
 Metaspace       used 46730K, capacity 47170K, committed 47656K, reserved 1091584K
  class space    used 5986K, capacity 6116K, committed 6184K, reserved 1048576K
}

Deoptimization events (10 events):
Event: 266.822 Thread 0x00000000021c5000 Uncommon trap: reason=unhandled action=none pc=0x0000000002f02514 method=java.net.URLClassLoader.findClass(Ljava/lang/String;)Ljava/lang/Class; @ 44
Event: 266.823 Thread 0x00000000021c5000 Uncommon trap: reason=unhandled action=none pc=0x0000000002f02514 method=java.net.URLClassLoader.findClass(Ljava/lang/String;)Ljava/lang/Class; @ 44
Event: 266.824 Thread 0x00000000021c5000 Uncommon trap: reason=unhandled action=none pc=0x0000000002f02514 method=java.net.URLClassLoader.findClass(Ljava/lang/String;)Ljava/lang/Class; @ 44
Event: 266.825 Thread 0x00000000021c5000 Uncommon trap: reason=unhandled action=none pc=0x0000000002f02514 method=java.net.URLClassLoader.findClass(Ljava/lang/String;)Ljava/lang/Class; @ 44
Event: 266.825 Thread 0x00000000021c5000 Uncommon trap: reason=unhandled action=none pc=0x0000000002f02514 method=java.net.URLClassLoader.findClass(Ljava/lang/String;)Ljava/lang/Class; @ 44
Event: 266.826 Thread 0x00000000021c5000 Uncommon trap: reason=unhandled action=none pc=0x0000000002f02514 method=java.net.URLClassLoader.findClass(Ljava/lang/String;)Ljava/lang/Class; @ 44
Event: 266.827 Thread 0x00000000021c5000 Uncommon trap: reason=unhandled action=none pc=0x0000000002f02514 method=java.net.URLClassLoader.findClass(Ljava/lang/String;)Ljava/lang/Class; @ 44
Event: 266.828 Thread 0x00000000021c5000 Uncommon trap: reason=unhandled action=none pc=0x0000000002f02514 method=java.net.URLClassLoader.findClass(Ljava/lang/String;)Ljava/lang/Class; @ 44
Event: 266.829 Thread 0x00000000021c5000 Uncommon trap: reason=unhandled action=none pc=0x0000000002f02514 method=java.net.URLClassLoader.findClass(Ljava/lang/String;)Ljava/lang/Class; @ 44
Event: 266.830 Thread 0x00000000021c5000 Uncommon trap: reason=unhandled action=none pc=0x0000000002f02514 method=java.net.URLClassLoader.findClass(Ljava/lang/String;)Ljava/lang/Class; @ 44

Internal exceptions (10 events):
Event: 266.468 Thread 0x00000000021c5000 Exception <a 'java/lang/ArrayIndexOutOfBoundsException': 129> (0x00000000ed65b650) thrown at [C:\re\workspace\8-2-build-windows-amd64-cygwin\jdk8u131\8869\hotspot\src\share\vm\interpreter\interpreterRuntime.cpp, line 366]
Event: 266.469 Thread 0x00000000021c5000 Exception <a 'java/lang/ArrayIndexOutOfBoundsException': 196> (0x00000000ed65e728) thrown at [C:\re\workspace\8-2-build-windows-amd64-cygwin\jdk8u131\8869\hotspot\src\share\vm\interpreter\interpreterRuntime.cpp, line 366]
Event: 266.482 Thread 0x00000000021c5000 Exception <a 'java/lang/ArrayIndexOutOfBoundsException': 202> (0x00000000ed669670) thrown at [C:\re\workspace\8-2-build-windows-amd64-cygwin\jdk8u131\8869\hotspot\src\share\vm\interpreter\interpreterRuntime.cpp, line 366]
Event: 266.485 Thread 0x00000000021c5000 Exception <a 'java/lang/ClassNotFoundException': org/springframework/security/config/annotation/SecurityBuilderCustomizer> (0x00000000ed68e628) thrown at [C:\re\workspace\8-2-build-windows-amd64-cygwin\jdk8u131\8869\hotspot\src\share\vm\classfile\systemDi
Event: 266.486 Thread 0x00000000021c5000 Exception <a 'java/lang/ClassNotFoundException': org/springframework/context/ApplicationContextAwareCustomizer> (0x00000000ed6a0d48) thrown at [C:\re\workspace\8-2-build-windows-amd64-cygwin\jdk8u131\8869\hotspot\src\share\vm\classfile\systemDictionary.cp
Event: 266.487 Thread 0x00000000021c5000 Exception <a 'java/lang/ClassNotFoundException': org/springframework/security/config/annotation/SecurityBuilderCustomizer> (0x00000000ed6b6448) thrown at [C:\re\workspace\8-2-build-windows-amd64-cygwin\jdk8u131\8869\hotspot\src\share\vm\classfile\systemDi
Event: 266.688 Thread 0x00000000021c5000 Exception <a 'java/lang/ClassNotFoundException': java/lang/ObjectCustomizer> (0x00000000ed7bb0a0) thrown at [C:\re\workspace\8-2-build-windows-amd64-cygwin\jdk8u131\8869\hotspot\src\share\vm\classfile\systemDictionary.cpp, line 210]
Event: 266.689 Thread 0x00000000021c5000 Exception <a 'java/lang/ClassNotFoundException': org/springframework/security/authentication/DefaultAuthenticationEventPublisherCustomizer> (0x00000000ed7d5cc0) thrown at [C:\re\workspace\8-2-build-windows-amd64-cygwin\jdk8u131\8869\hotspot\src\share\vm\c
Event: 266.691 Thread 0x00000000021c5000 Exception <a 'java/lang/ClassNotFoundException': org/springframework/security/authentication/AuthenticationEventPublisherCustomizer> (0x00000000ed7f17b8) thrown at [C:\re\workspace\8-2-build-windows-amd64-cygwin\jdk8u131\8869\hotspot\src\share\vm\classfil
Event: 266.693 Thread 0x00000000021c5000 Exception <a 'java/lang/ClassNotFoundException': org/springframework/context/ApplicationEventPublisherAwareCustomizer> (0x00000000ed806110) thrown at [C:\re\workspace\8-2-build-windows-amd64-cygwin\jdk8u131\8869\hotspot\src\share\vm\classfile\systemDictio

Events (10 events):
Event: 266.858 Thread 0x0000000016758800 flushing nmethod 0x0000000002e131d0
Event: 266.858 Thread 0x0000000016758800 flushing nmethod 0x0000000002e13f90
Event: 266.858 Thread 0x0000000016758800 flushing nmethod 0x0000000002e17a10
Event: 266.858 Thread 0x0000000016758800 flushing nmethod 0x0000000002e28550
Event: 266.858 Thread 0x0000000016758800 flushing nmethod 0x0000000002e2d790
Event: 266.858 Thread 0x0000000016758800 flushing nmethod 0x0000000002e39ad0
Event: 266.858 Thread 0x0000000016758800 flushing nmethod 0x0000000002e3ac90
Event: 266.858 Thread 0x0000000016758800 flushing nmethod 0x0000000002e46390
Event: 266.858 Thread 0x0000000016758800 flushing nmethod 0x0000000002e48750
Event: 266.858 Thread 0x0000000016758800 flushing nmethod 0x0000000002e53190


Dynamic libraries:
0x00007ff7c0b00000 - 0x00007ff7c0b37000 	C:\Program Files\Java\jre1.8.0_131\bin\javaw.exe
0x00007ff95e990000 - 0x00007ff95eb6b000 	C:\WINDOWS\SYSTEM32\ntdll.dll
0x00007ff94a020000 - 0x00007ff94a054000 	D:\Program Files\AVAST Software\Avast\x64\aswhooka.dll
0x00007ff95e230000 - 0x00007ff95e2de000 	C:\WINDOWS\System32\KERNEL32.DLL
0x00007ff95aeb0000 - 0x00007ff95b0f9000 	C:\WINDOWS\System32\KERNELBASE.dll
0x00007ff95e790000 - 0x00007ff95e831000 	C:\WINDOWS\System32\ADVAPI32.dll
0x00007ff95c770000 - 0x00007ff95c80d000 	C:\WINDOWS\System32\msvcrt.dll
0x00007ff95e870000 - 0x00007ff95e8c9000 	C:\WINDOWS\System32\sechost.dll
0x00007ff95c0e0000 - 0x00007ff95c205000 	C:\WINDOWS\System32\RPCRT4.dll
0x00007ff95c320000 - 0x00007ff95c46a000 	C:\WINDOWS\System32\USER32.dll
0x00007ff95b200000 - 0x00007ff95b21e000 	C:\WINDOWS\System32\win32u.dll
0x00007ff95e840000 - 0x00007ff95e867000 	C:\WINDOWS\System32\GDI32.dll
0x00007ff95b2c0000 - 0x00007ff95b447000 	C:\WINDOWS\System32\gdi32full.dll
0x00007ff95b220000 - 0x00007ff95b2ba000 	C:\WINDOWS\System32\msvcp_win.dll
0x00007ff95b100000 - 0x00007ff95b1f6000 	C:\WINDOWS\System32\ucrtbase.dll
0x00007ff94f740000 - 0x00007ff94f9a7000 	C:\WINDOWS\WinSxS\amd64_microsoft.windows.common-controls_6595b64144ccf1df_6.0.15063.483_none_26002d27e7c744a2\COMCTL32.dll
0x00007ff95c470000 - 0x00007ff95c769000 	C:\WINDOWS\System32\combase.dll
0x00007ff95bcb0000 - 0x00007ff95bd1a000 	C:\WINDOWS\System32\bcryptPrimitives.dll
0x00007ff95cbb0000 - 0x00007ff95cbdd000 	C:\WINDOWS\System32\IMM32.DLL
0x0000000075660000 - 0x0000000075732000 	C:\Program Files\Java\jre1.8.0_131\bin\msvcr100.dll
0x0000000075be0000 - 0x000000007647c000 	C:\Program Files\Java\jre1.8.0_131\bin\server\jvm.dll
0x00007ff95e2e0000 - 0x00007ff95e2e8000 	C:\WINDOWS\System32\PSAPI.DLL
0x00007ff94a240000 - 0x00007ff94a249000 	C:\WINDOWS\SYSTEM32\WSOCK32.dll
0x00007ff95cbe0000 - 0x00007ff95cc4c000 	C:\WINDOWS\System32\WS2_32.dll
0x00007ff957c60000 - 0x00007ff957c83000 	C:\WINDOWS\SYSTEM32\WINMM.dll
0x00007ff952410000 - 0x00007ff95241a000 	C:\WINDOWS\SYSTEM32\VERSION.dll
0x00007ff957c30000 - 0x00007ff957c5b000 	C:\WINDOWS\SYSTEM32\WINMMBASE.dll
0x00007ff95b560000 - 0x00007ff95b5a9000 	C:\WINDOWS\System32\cfgmgr32.dll
0x0000000076620000 - 0x000000007662f000 	C:\Program Files\Java\jre1.8.0_131\bin\verify.dll
0x00000000765f0000 - 0x0000000076619000 	C:\Program Files\Java\jre1.8.0_131\bin\java.dll
0x0000000075620000 - 0x0000000075655000 	C:\Program Files\Java\jre1.8.0_131\bin\jdwp.dll
0x0000000075610000 - 0x0000000075618000 	C:\Program Files\Java\jre1.8.0_131\bin\npt.dll
0x00000000765d0000 - 0x00000000765e6000 	C:\Program Files\Java\jre1.8.0_131\bin\zip.dll
0x00007ff95cdf0000 - 0x00007ff95e227000 	C:\WINDOWS\System32\SHELL32.dll
0x00007ff95c810000 - 0x00007ff95c8ba000 	C:\WINDOWS\System32\shcore.dll
0x00007ff95b5b0000 - 0x00007ff95bca1000 	C:\WINDOWS\System32\windows.storage.dll
0x00007ff95c2b0000 - 0x00007ff95c301000 	C:\WINDOWS\System32\shlwapi.dll
0x00007ff95ae20000 - 0x00007ff95ae31000 	C:\WINDOWS\System32\kernel.appcore.dll
0x00007ff95ae60000 - 0x00007ff95aeac000 	C:\WINDOWS\System32\powrprof.dll
0x00007ff95ae40000 - 0x00007ff95ae55000 	C:\WINDOWS\System32\profapi.dll
0x0000000075600000 - 0x0000000075609000 	C:\Program Files\Java\jre1.8.0_131\bin\dt_socket.dll
0x00007ff946c70000 - 0x00007ff946c86000 	C:\WINDOWS\system32\napinsp.dll
0x00007ff946c50000 - 0x00007ff946c6a000 	C:\WINDOWS\system32\pnrpnsp.dll
0x00007ff9580c0000 - 0x00007ff9580d8000 	C:\WINDOWS\system32\NLAapi.dll
0x00007ff95a710000 - 0x00007ff95a76c000 	C:\WINDOWS\System32\mswsock.dll
0x00007ff95a4f0000 - 0x00007ff95a594000 	C:\WINDOWS\SYSTEM32\DNSAPI.dll
0x00007ff95c310000 - 0x00007ff95c318000 	C:\WINDOWS\System32\NSI.dll
0x00007ff95a4b0000 - 0x00007ff95a4e7000 	C:\WINDOWS\SYSTEM32\IPHLPAPI.DLL
0x00007ff94a220000 - 0x00007ff94a22e000 	C:\WINDOWS\System32\winrnr.dll
0x00007ff946c30000 - 0x00007ff946c45000 	C:\WINDOWS\System32\wshbth.dll
0x00007ff94e940000 - 0x00007ff94e9ab000 	C:\WINDOWS\System32\fwpuclnt.dll
0x00007ff95a9c0000 - 0x00007ff95a9e5000 	C:\WINDOWS\SYSTEM32\bcrypt.dll
0x00007ff94c050000 - 0x00007ff94c05a000 	C:\Windows\System32\rasadhlp.dll
0x00000000755f0000 - 0x00000000755fd000 	C:\Program Files\Java\jre1.8.0_131\bin\management.dll
0x00000000765b0000 - 0x00000000765ca000 	C:\Program Files\Java\jre1.8.0_131\bin\net.dll
0x0000000076590000 - 0x00000000765a1000 	C:\Program Files\Java\jre1.8.0_131\bin\nio.dll
0x00007ff95a8b0000 - 0x00007ff95a8c7000 	C:\WINDOWS\SYSTEM32\CRYPTSP.dll
0x00007ff95a330000 - 0x00007ff95a364000 	C:\WINDOWS\system32\rsaenh.dll
0x00007ff95ad30000 - 0x00007ff95ad59000 	C:\WINDOWS\SYSTEM32\USERENV.dll
0x00007ff95a8d0000 - 0x00007ff95a8db000 	C:\WINDOWS\SYSTEM32\CRYPTBASE.dll
0x00007ff952da0000 - 0x00007ff952db6000 	C:\WINDOWS\SYSTEM32\dhcpcsvc6.DLL
0x00007ff952d80000 - 0x00007ff952d9a000 	C:\WINDOWS\SYSTEM32\dhcpcsvc.DLL

VM Arguments:
jvm_args: -agentlib:jdwp=transport=dt_socket,suspend=y,address=localhost:59553 -Dfile.encoding=Cp1252 
java_command: rs.ac.uns.ftn.informatika.jpa.JpaExampleApplication
java_class_path (initial): C:\Users\jerem\git\isa\bioskopi\target\classes;C:\Users\jerem\.m2\repository\org\springframework\boot\spring-boot-starter-data-jpa\1.4.1.RELEASE\spring-boot-starter-data-jpa-1.4.1.RELEASE.jar;C:\Users\jerem\.m2\repository\org\springframework\boot\spring-boot-starter\1.4.1.RELEASE\spring-boot-starter-1.4.1.RELEASE.jar;C:\Users\jerem\.m2\repository\org\springframework\boot\spring-boot\1.4.1.RELEASE\spring-boot-1.4.1.RELEASE.jar;C:\Users\jerem\.m2\repository\org\springframework\boot\spring-boot-autoconfigure\1.4.1.RELEASE\spring-boot-autoconfigure-1.4.1.RELEASE.jar;C:\Users\jerem\.m2\repository\org\springframework\boot\spring-boot-starter-logging\1.4.1.RELEASE\spring-boot-starter-logging-1.4.1.RELEASE.jar;C:\Users\jerem\.m2\repository\ch\qos\logback\logback-classic\1.1.7\logback-classic-1.1.7.jar;C:\Users\jerem\.m2\repository\ch\qos\logback\logback-core\1.1.7\logback-core-1.1.7.jar;C:\Users\jerem\.m2\repository\org\slf4j\jul-to-slf4j\1.7.21\jul-to-slf4j-1.7.21.jar;C:\Users\jerem\.m2\repository\org\slf4j\log4j-over-slf4j\1.7.21\log4j-over-slf4j-1.7.21.jar;C:\Users\jerem\.m2\repository\org\yaml\snakeyaml\1.17\snakeyaml-1.17.jar;C:\Users\jerem\.m2\repository\org\springframework\boot\spring-boot-starter-aop\1.4.1.RELEASE\spring-boot-starter-aop-1.4.1.RELEASE.jar;C:\Users\jerem\.m2\repository\org\aspectj\aspectjweaver\1.8.9\aspectjweaver-1.8.9.jar;C:\Users\jerem\.m2\repository\org\springframework\boot\spring-boot-starter-jdbc\1.4.1.RELEASE\spring-boot-starter-jdbc-1.4.1.RELEASE.jar;C:\Users\jerem\.m2\repository\org\apache\tomcat\tomcat-jdbc\8.5.5\tomcat-jdbc-8.5.5.jar;C:\Users\jerem\.m2\repository\org\apache\tomcat\tomcat-juli\8.5.5\tomcat-juli-8.5.5.jar;C:\Users\jerem\.m2\repository\org\springframework\spring-jdbc\4.3.3.RELEASE\spring-jdbc-4.3.3.RELEASE.jar;C:\Users\jerem\.m2\repository\org\hibernate\hibernate-core\5.0.11.Final\hibernate-core-5.0.11.Final.jar;C:\Users\jerem\.m2\repository\org\jboss\logging\jboss-logging\3.3.0.Final\jboss-loggin
Launcher Type: SUN_STANDARD

Environment Variables:
JAVA_HOME=C:\Program Files\Java\jdk1.8.0_111
JRE_HOME=C:\Program Files\Java\jre1.8.0_131
CLASSPATH=C:\Program Files\Java\Microsoft JDBC Driver 6.2 for SQL Server\sqljdbc_6.2\enu\mssql-jdbc-6.2.2.jre8
PATH=C:/Program Files/Java/jre1.8.0_131/bin/server;C:/Program Files/Java/jre1.8.0_131/bin;C:/Program Files/Java/jre1.8.0_131/lib/amd64;D:\OracleDatabaseXE\app\oracle\product\11.2.0\server\bin;C:\ProgramData\Oracle\Java\javapath;C:\Program Files (x86)\Intel\iCLS Client\;C:\Program Files\Intel\iCLS Client\;C:\Windows\system32;C:\Windows;C:\Windows\System32\Wbem;C:\Windows\System32\WindowsPowerShell\v1.0\;C:\Program Files\Microsoft SQL Server\120\Tools\Binn\;C:\Program Files\Microsoft SQL Server\130\Tools\Binn\;C:\Program Files (x86)\Windows Kits\10\Windows Performance Toolkit\;C:\Users\jerem\.dnx\bin;C:\Program Files\Microsoft DNX\Dnvm\;C:\Program Files (x86)\GtkSharp\2.12\bin;C:\Program Files\Intel\Intel(R) Management Engine Components\DAL;C:\Program Files\Intel\Intel(R) Management Engine Components\IPT;C:\Program Files (x86)\Intel\Intel(R) Management Engine Components\DAL;C:\Program Files (x86)\Intel\Intel(R) Management Engine Components\IPT;D:\Program Files\Lua\5.1;D:\Program Files\Lua\5.1\clibs;C:\Program Files\Git\cmd;C:\WINDOWS\system32;C:\WINDOWS;C:\WINDOWS\System32\Wbem;C:\WINDOWS\System32\WindowsPowerShell\v1.0\;C:\Program Files\MySQL\MySQL Utilities 1.6\;C:\Users\jerem\AppData\Local\Programs\Python\Python37\Scripts\;C:\Users\jerem\AppData\Local\Programs\Python\Python37\;C:\MinGW\bin;C:\MinGW\msys\1.0\bin;C:\MinGW\msys\1.0\;D:\Program Files\Microsoft VS Code\bin;C:\Users\jerem\AppData\Local\Microsoft\WindowsApps;D:\Program Files\setupi\downloads\apache-maven-3.5.2-bin\apache-maven-3.5.2\bin;;D:\Program Files\setupi\downloads\eclipse-jee-mars-2-win32-x86_64\eclipse;
USERNAME=jerem
OS=Windows_NT
PROCESSOR_IDENTIFIER=Intel64 Family 6 Model 69 Stepping 1, GenuineIntel



---------------  S Y S T E M  ---------------

OS: Windows 10.0 , 64 bit Build 15063 (10.0.15063.1029)

CPU:total 4 (initial active 4) (2 cores per cpu, 2 threads per core) family 6 model 69 stepping 1, cmov, cx8, fxsr, mmx, sse, sse2, sse3, ssse3, sse4.1, sse4.2, popcnt, avx, avx2, aes, clmul, erms, lzcnt, ht, tsc, tscinvbit, bmi1, bmi2

Memory: 4k page, physical 4099864k(376548k free), swap 9761560k(29432k free)

vm_info: Java HotSpot(TM) 64-Bit Server VM (25.131-b11) for windows-amd64 JRE (1.8.0_131-b11), built on Mar 15 2017 01:23:53 by "java_re" with MS VC++ 10.0 (VS2010)

time: Tue Apr 17 22:55:20 2018
elapsed time: 267 seconds (0d 0h 4m 27s)

